{"/Users/dev/Desktop/draftloom-extension/src/App.js": {"path":"/Users/dev/Desktop/draftloom-extension/src/App.js","statementMap":{},"fnMap":{},"branchMap":{},"s":{},"f":{},"b":{}}
,"/Users/dev/Desktop/draftloom-extension/src/apis/apiManager.js": {"path":"/Users/dev/Desktop/draftloom-extension/src/apis/apiManager.js","statementMap":{"0":{"start":{"line":16,"column":8},"end":{"line":23,"column":10}},"1":{"start":{"line":24,"column":8},"end":{"line":24,"column":33}},"2":{"start":{"line":25,"column":8},"end":{"line":25,"column":31}},"3":{"start":{"line":26,"column":8},"end":{"line":26,"column":34}},"4":{"start":{"line":33,"column":8},"end":{"line":41,"column":9}},"5":{"start":{"line":34,"column":12},"end":{"line":34,"column":61}},"6":{"start":{"line":35,"column":12},"end":{"line":35,"column":60}},"7":{"start":{"line":36,"column":12},"end":{"line":36,"column":59}},"8":{"start":{"line":37,"column":12},"end":{"line":37,"column":37}},"9":{"start":{"line":39,"column":12},"end":{"line":39,"column":65}},"10":{"start":{"line":40,"column":12},"end":{"line":40,"column":24}},"11":{"start":{"line":48,"column":8},"end":{"line":50,"column":9}},"12":{"start":{"line":49,"column":12},"end":{"line":49,"column":25}},"13":{"start":{"line":52,"column":8},"end":{"line":56,"column":10}},"14":{"start":{"line":63,"column":8},"end":{"line":63,"column":33}},"15":{"start":{"line":70,"column":8},"end":{"line":79,"column":11}},"16":{"start":{"line":71,"column":12},"end":{"line":77,"column":15}},"17":{"start":{"line":78,"column":12},"end":{"line":78,"column":33}},"18":{"start":{"line":83,"column":8},"end":{"line":83,"column":72}},"19":{"start":{"line":83,"column":65},"end":{"line":83,"column":72}},"20":{"start":{"line":85,"column":8},"end":{"line":85,"column":33}},"21":{"start":{"line":87,"column":8},"end":{"line":109,"column":9}},"22":{"start":{"line":88,"column":28},"end":{"line":88,"column":53}},"23":{"start":{"line":91,"column":12},"end":{"line":91,"column":67}},"24":{"start":{"line":91,"column":41},"end":{"line":91,"column":65}},"25":{"start":{"line":93,"column":12},"end":{"line":108,"column":13}},"26":{"start":{"line":94,"column":28},"end":{"line":94,"column":54}},"27":{"start":{"line":95,"column":16},"end":{"line":97,"column":17}},"28":{"start":{"line":96,"column":20},"end":{"line":96,"column":73}},"29":{"start":{"line":99,"column":31},"end":{"line":99,"column":54}},"30":{"start":{"line":100,"column":16},"end":{"line":102,"column":17}},"31":{"start":{"line":101,"column":20},"end":{"line":101,"column":79}},"32":{"start":{"line":104,"column":31},"end":{"line":104,"column":68}},"33":{"start":{"line":105,"column":16},"end":{"line":105,"column":40}},"34":{"start":{"line":107,"column":16},"end":{"line":107,"column":38}},"35":{"start":{"line":111,"column":8},"end":{"line":111,"column":34}},"36":{"start":{"line":118,"column":8},"end":{"line":118,"column":54}},"37":{"start":{"line":120,"column":8},"end":{"line":129,"column":9}},"38":{"start":{"line":121,"column":12},"end":{"line":128,"column":13}},"39":{"start":{"line":122,"column":16},"end":{"line":127,"column":17}},"40":{"start":{"line":123,"column":20},"end":{"line":123,"column":40}},"41":{"start":{"line":124,"column":20},"end":{"line":124,"column":56}},"42":{"start":{"line":126,"column":20},"end":{"line":126,"column":69}}},"fnMap":{"0":{"name":"(anonymous_0)","decl":{"start":{"line":15,"column":4},"end":{"line":15,"column":5}},"loc":{"start":{"line":15,"column":18},"end":{"line":27,"column":5}},"line":15},"1":{"name":"(anonymous_1)","decl":{"start":{"line":32,"column":4},"end":{"line":32,"column":5}},"loc":{"start":{"line":32,"column":23},"end":{"line":42,"column":5}},"line":32},"2":{"name":"(anonymous_2)","decl":{"start":{"line":47,"column":4},"end":{"line":47,"column":5}},"loc":{"start":{"line":47,"column":22},"end":{"line":57,"column":5}},"line":47},"3":{"name":"(anonymous_3)","decl":{"start":{"line":62,"column":4},"end":{"line":62,"column":5}},"loc":{"start":{"line":62,"column":22},"end":{"line":64,"column":5}},"line":62},"4":{"name":"(anonymous_4)","decl":{"start":{"line":69,"column":4},"end":{"line":69,"column":5}},"loc":{"start":{"line":69,"column":53},"end":{"line":80,"column":5}},"line":69},"5":{"name":"(anonymous_5)","decl":{"start":{"line":70,"column":27},"end":{"line":70,"column":28}},"loc":{"start":{"line":70,"column":48},"end":{"line":79,"column":9}},"line":70},"6":{"name":"(anonymous_6)","decl":{"start":{"line":82,"column":4},"end":{"line":82,"column":5}},"loc":{"start":{"line":82,"column":26},"end":{"line":112,"column":5}},"line":82},"7":{"name":"(anonymous_7)","decl":{"start":{"line":91,"column":30},"end":{"line":91,"column":31}},"loc":{"start":{"line":91,"column":41},"end":{"line":91,"column":65}},"line":91},"8":{"name":"(anonymous_8)","decl":{"start":{"line":117,"column":4},"end":{"line":117,"column":5}},"loc":{"start":{"line":117,"column":20},"end":{"line":130,"column":5}},"line":117}},"branchMap":{"0":{"loc":{"start":{"line":48,"column":8},"end":{"line":50,"column":9}},"type":"if","locations":[{"start":{"line":48,"column":8},"end":{"line":50,"column":9}},{"start":{},"end":{}}],"line":48},"1":{"loc":{"start":{"line":53,"column":12},"end":{"line":55,"column":55}},"type":"binary-expr","locations":[{"start":{"line":53,"column":12},"end":{"line":53,"column":50}},{"start":{"line":54,"column":12},"end":{"line":54,"column":50}},{"start":{"line":55,"column":12},"end":{"line":55,"column":55}}],"line":53},"2":{"loc":{"start":{"line":83,"column":8},"end":{"line":83,"column":72}},"type":"if","locations":[{"start":{"line":83,"column":8},"end":{"line":83,"column":72}},{"start":{},"end":{}}],"line":83},"3":{"loc":{"start":{"line":83,"column":12},"end":{"line":83,"column":63}},"type":"binary-expr","locations":[{"start":{"line":83,"column":12},"end":{"line":83,"column":29}},{"start":{"line":83,"column":33},"end":{"line":83,"column":63}}],"line":83},"4":{"loc":{"start":{"line":95,"column":16},"end":{"line":97,"column":17}},"type":"if","locations":[{"start":{"line":95,"column":16},"end":{"line":97,"column":17}},{"start":{},"end":{}}],"line":95},"5":{"loc":{"start":{"line":100,"column":16},"end":{"line":102,"column":17}},"type":"if","locations":[{"start":{"line":100,"column":16},"end":{"line":102,"column":17}},{"start":{},"end":{}}],"line":100},"6":{"loc":{"start":{"line":121,"column":12},"end":{"line":128,"column":13}},"type":"if","locations":[{"start":{"line":121,"column":12},"end":{"line":128,"column":13}},{"start":{},"end":{}}],"line":121}},"s":{"0":14,"1":14,"2":14,"3":14,"4":2,"5":2,"6":2,"7":1,"8":1,"9":1,"10":1,"11":4,"12":1,"13":3,"14":2,"15":5,"16":5,"17":5,"18":5,"19":1,"20":4,"21":4,"22":5,"23":5,"24":5,"25":5,"26":5,"27":5,"28":1,"29":4,"30":4,"31":1,"32":3,"33":3,"34":2,"35":4,"36":2,"37":2,"38":5,"39":4,"40":4,"41":3,"42":1},"f":{"0":14,"1":2,"2":4,"3":2,"4":5,"5":5,"6":5,"7":5,"8":2},"b":{"0":[1,3],"1":[3,2,2],"2":[1,4],"3":[5,4],"4":[1,4],"5":[1,3],"6":[4,1]},"_coverageSchema":"1a1c01bbd47fc00a2c39e90264f33305004495a9","hash":"2a371749ae33a696c969ba295217f22a4a310d68"}
,"/Users/dev/Desktop/draftloom-extension/src/apis/capabilities.js": {"path":"/Users/dev/Desktop/draftloom-extension/src/apis/capabilities.js","statementMap":{"0":{"start":{"line":6,"column":25},"end":{"line":6,"column":27}},"1":{"start":{"line":8,"column":4},"end":{"line":8,"column":57}},"2":{"start":{"line":11,"column":4},"end":{"line":33,"column":5}},"3":{"start":{"line":12,"column":8},"end":{"line":27,"column":9}},"4":{"start":{"line":13,"column":30},"end":{"line":13,"column":82}},"5":{"start":{"line":14,"column":12},"end":{"line":18,"column":14}},"6":{"start":{"line":19,"column":12},"end":{"line":19,"column":52}},"7":{"start":{"line":21,"column":12},"end":{"line":25,"column":14}},"8":{"start":{"line":26,"column":12},"end":{"line":26,"column":59}},"9":{"start":{"line":29,"column":8},"end":{"line":32,"column":10}},"10":{"start":{"line":36,"column":4},"end":{"line":58,"column":5}},"11":{"start":{"line":37,"column":8},"end":{"line":52,"column":9}},"12":{"start":{"line":38,"column":30},"end":{"line":38,"column":85}},"13":{"start":{"line":39,"column":12},"end":{"line":43,"column":14}},"14":{"start":{"line":44,"column":12},"end":{"line":44,"column":56}},"15":{"start":{"line":46,"column":12},"end":{"line":50,"column":14}},"16":{"start":{"line":51,"column":12},"end":{"line":51,"column":63}},"17":{"start":{"line":54,"column":8},"end":{"line":57,"column":10}},"18":{"start":{"line":61,"column":4},"end":{"line":83,"column":5}},"19":{"start":{"line":62,"column":8},"end":{"line":77,"column":9}},"20":{"start":{"line":63,"column":30},"end":{"line":63,"column":78}},"21":{"start":{"line":64,"column":12},"end":{"line":68,"column":14}},"22":{"start":{"line":69,"column":12},"end":{"line":69,"column":52}},"23":{"start":{"line":71,"column":12},"end":{"line":75,"column":14}},"24":{"start":{"line":76,"column":12},"end":{"line":76,"column":59}},"25":{"start":{"line":79,"column":8},"end":{"line":82,"column":10}},"26":{"start":{"line":86,"column":4},"end":{"line":108,"column":5}},"27":{"start":{"line":87,"column":8},"end":{"line":102,"column":9}},"28":{"start":{"line":88,"column":30},"end":{"line":88,"column":80}},"29":{"start":{"line":89,"column":12},"end":{"line":93,"column":14}},"30":{"start":{"line":94,"column":12},"end":{"line":94,"column":54}},"31":{"start":{"line":96,"column":12},"end":{"line":100,"column":14}},"32":{"start":{"line":101,"column":12},"end":{"line":101,"column":61}},"33":{"start":{"line":104,"column":8},"end":{"line":107,"column":10}},"34":{"start":{"line":111,"column":4},"end":{"line":131,"column":5}},"35":{"start":{"line":112,"column":8},"end":{"line":125,"column":9}},"36":{"start":{"line":113,"column":12},"end":{"line":116,"column":14}},"37":{"start":{"line":117,"column":12},"end":{"line":117,"column":55}},"38":{"start":{"line":119,"column":12},"end":{"line":123,"column":14}},"39":{"start":{"line":124,"column":12},"end":{"line":124,"column":63}},"40":{"start":{"line":127,"column":8},"end":{"line":130,"column":10}},"41":{"start":{"line":134,"column":4},"end":{"line":156,"column":5}},"42":{"start":{"line":135,"column":8},"end":{"line":150,"column":9}},"43":{"start":{"line":136,"column":30},"end":{"line":136,"column":87}},"44":{"start":{"line":137,"column":12},"end":{"line":141,"column":14}},"45":{"start":{"line":142,"column":12},"end":{"line":142,"column":57}},"46":{"start":{"line":144,"column":12},"end":{"line":148,"column":14}},"47":{"start":{"line":149,"column":12},"end":{"line":149,"column":64}},"48":{"start":{"line":152,"column":8},"end":{"line":155,"column":10}},"49":{"start":{"line":159,"column":27},"end":{"line":159,"column":86}},"50":{"start":{"line":159,"column":67},"end":{"line":159,"column":78}},"51":{"start":{"line":160,"column":4},"end":{"line":160,"column":67}},"52":{"start":{"line":162,"column":4},"end":{"line":162,"column":24}},"53":{"start":{"line":169,"column":19},"end":{"line":173,"column":5}},"54":{"start":{"line":175,"column":4},"end":{"line":183,"column":7}},"55":{"start":{"line":176,"column":28},"end":{"line":176,"column":84}},"56":{"start":{"line":178,"column":8},"end":{"line":182,"column":9}},"57":{"start":{"line":179,"column":12},"end":{"line":179,"column":54}},"58":{"start":{"line":181,"column":12},"end":{"line":181,"column":56}},"59":{"start":{"line":185,"column":4},"end":{"line":185,"column":18}},"60":{"start":{"line":192,"column":25},"end":{"line":192,"column":69}},"61":{"start":{"line":193,"column":4},"end":{"line":193,"column":67}},"62":{"start":{"line":193,"column":37},"end":{"line":193,"column":65}}},"fnMap":{"0":{"name":"checkAICapabilities","decl":{"start":{"line":5,"column":22},"end":{"line":5,"column":41}},"loc":{"start":{"line":5,"column":44},"end":{"line":163,"column":1}},"line":5},"1":{"name":"(anonymous_1)","decl":{"start":{"line":159,"column":62},"end":{"line":159,"column":63}},"loc":{"start":{"line":159,"column":67},"end":{"line":159,"column":78}},"line":159},"2":{"name":"formatCapabilitiesForUI","decl":{"start":{"line":168,"column":16},"end":{"line":168,"column":39}},"loc":{"start":{"line":168,"column":54},"end":{"line":186,"column":1}},"line":168},"3":{"name":"(anonymous_3)","decl":{"start":{"line":175,"column":41},"end":{"line":175,"column":42}},"loc":{"start":{"line":175,"column":57},"end":{"line":183,"column":5}},"line":175},"4":{"name":"areCriticalAPIsAvailable","decl":{"start":{"line":191,"column":16},"end":{"line":191,"column":40}},"loc":{"start":{"line":191,"column":55},"end":{"line":194,"column":1}},"line":191},"5":{"name":"(anonymous_5)","decl":{"start":{"line":193,"column":30},"end":{"line":193,"column":31}},"loc":{"start":{"line":193,"column":37},"end":{"line":193,"column":65}},"line":193}},"branchMap":{"0":{"loc":{"start":{"line":11,"column":4},"end":{"line":33,"column":5}},"type":"if","locations":[{"start":{"line":11,"column":4},"end":{"line":33,"column":5}},{"start":{"line":28,"column":11},"end":{"line":33,"column":5}}],"line":11},"1":{"loc":{"start":{"line":11,"column":8},"end":{"line":11,"column":54}},"type":"binary-expr","locations":[{"start":{"line":11,"column":8},"end":{"line":11,"column":22}},{"start":{"line":11,"column":26},"end":{"line":11,"column":54}}],"line":11},"2":{"loc":{"start":{"line":15,"column":27},"end":{"line":15,"column":84}},"type":"binary-expr","locations":[{"start":{"line":15,"column":27},"end":{"line":15,"column":50}},{"start":{"line":15,"column":54},"end":{"line":15,"column":84}}],"line":15},"3":{"loc":{"start":{"line":36,"column":4},"end":{"line":58,"column":5}},"type":"if","locations":[{"start":{"line":36,"column":4},"end":{"line":58,"column":5}},{"start":{"line":53,"column":11},"end":{"line":58,"column":5}}],"line":36},"4":{"loc":{"start":{"line":36,"column":8},"end":{"line":36,"column":51}},"type":"binary-expr","locations":[{"start":{"line":36,"column":8},"end":{"line":36,"column":22}},{"start":{"line":36,"column":26},"end":{"line":36,"column":51}}],"line":36},"5":{"loc":{"start":{"line":40,"column":27},"end":{"line":40,"column":84}},"type":"binary-expr","locations":[{"start":{"line":40,"column":27},"end":{"line":40,"column":50}},{"start":{"line":40,"column":54},"end":{"line":40,"column":84}}],"line":40},"6":{"loc":{"start":{"line":61,"column":4},"end":{"line":83,"column":5}},"type":"if","locations":[{"start":{"line":61,"column":4},"end":{"line":83,"column":5}},{"start":{"line":78,"column":11},"end":{"line":83,"column":5}}],"line":61},"7":{"loc":{"start":{"line":61,"column":8},"end":{"line":61,"column":47}},"type":"binary-expr","locations":[{"start":{"line":61,"column":8},"end":{"line":61,"column":22}},{"start":{"line":61,"column":26},"end":{"line":61,"column":47}}],"line":61},"8":{"loc":{"start":{"line":65,"column":27},"end":{"line":65,"column":84}},"type":"binary-expr","locations":[{"start":{"line":65,"column":27},"end":{"line":65,"column":50}},{"start":{"line":65,"column":54},"end":{"line":65,"column":84}}],"line":65},"9":{"loc":{"start":{"line":86,"column":4},"end":{"line":108,"column":5}},"type":"if","locations":[{"start":{"line":86,"column":4},"end":{"line":108,"column":5}},{"start":{"line":103,"column":11},"end":{"line":108,"column":5}}],"line":86},"10":{"loc":{"start":{"line":86,"column":8},"end":{"line":86,"column":49}},"type":"binary-expr","locations":[{"start":{"line":86,"column":8},"end":{"line":86,"column":22}},{"start":{"line":86,"column":26},"end":{"line":86,"column":49}}],"line":86},"11":{"loc":{"start":{"line":90,"column":27},"end":{"line":90,"column":84}},"type":"binary-expr","locations":[{"start":{"line":90,"column":27},"end":{"line":90,"column":50}},{"start":{"line":90,"column":54},"end":{"line":90,"column":84}}],"line":90},"12":{"loc":{"start":{"line":111,"column":4},"end":{"line":131,"column":5}},"type":"if","locations":[{"start":{"line":111,"column":4},"end":{"line":131,"column":5}},{"start":{"line":126,"column":11},"end":{"line":131,"column":5}}],"line":111},"13":{"loc":{"start":{"line":111,"column":8},"end":{"line":111,"column":51}},"type":"binary-expr","locations":[{"start":{"line":111,"column":8},"end":{"line":111,"column":22}},{"start":{"line":111,"column":26},"end":{"line":111,"column":51}}],"line":111},"14":{"loc":{"start":{"line":134,"column":4},"end":{"line":156,"column":5}},"type":"if","locations":[{"start":{"line":134,"column":4},"end":{"line":156,"column":5}},{"start":{"line":151,"column":11},"end":{"line":156,"column":5}}],"line":134},"15":{"loc":{"start":{"line":134,"column":8},"end":{"line":134,"column":52}},"type":"binary-expr","locations":[{"start":{"line":134,"column":8},"end":{"line":134,"column":22}},{"start":{"line":134,"column":26},"end":{"line":134,"column":52}}],"line":134},"16":{"loc":{"start":{"line":138,"column":27},"end":{"line":138,"column":84}},"type":"binary-expr","locations":[{"start":{"line":138,"column":27},"end":{"line":138,"column":50}},{"start":{"line":138,"column":54},"end":{"line":138,"column":84}}],"line":138},"17":{"loc":{"start":{"line":178,"column":8},"end":{"line":182,"column":9}},"type":"if","locations":[{"start":{"line":178,"column":8},"end":{"line":182,"column":9}},{"start":{"line":180,"column":15},"end":{"line":182,"column":9}}],"line":178}},"s":{"0":0,"1":0,"2":0,"3":0,"4":0,"5":0,"6":0,"7":0,"8":0,"9":0,"10":0,"11":0,"12":0,"13":0,"14":0,"15":0,"16":0,"17":0,"18":0,"19":0,"20":0,"21":0,"22":0,"23":0,"24":0,"25":0,"26":0,"27":0,"28":0,"29":0,"30":0,"31":0,"32":0,"33":0,"34":0,"35":0,"36":0,"37":0,"38":0,"39":0,"40":0,"41":0,"42":0,"43":0,"44":0,"45":0,"46":0,"47":0,"48":0,"49":0,"50":0,"51":0,"52":0,"53":0,"54":0,"55":0,"56":0,"57":0,"58":0,"59":0,"60":0,"61":0,"62":0},"f":{"0":0,"1":0,"2":0,"3":0,"4":0,"5":0},"b":{"0":[0,0],"1":[0,0],"2":[0,0],"3":[0,0],"4":[0,0],"5":[0,0],"6":[0,0],"7":[0,0],"8":[0,0],"9":[0,0],"10":[0,0],"11":[0,0],"12":[0,0],"13":[0,0],"14":[0,0],"15":[0,0],"16":[0,0],"17":[0,0]}}
,"/Users/dev/Desktop/draftloom-extension/src/apis/promptAPI.js": {"path":"/Users/dev/Desktop/draftloom-extension/src/apis/promptAPI.js","statementMap":{"0":{"start":{"line":8,"column":8},"end":{"line":8,"column":28}},"1":{"start":{"line":9,"column":8},"end":{"line":9,"column":29}},"2":{"start":{"line":10,"column":8},"end":{"line":10,"column":45}},"3":{"start":{"line":11,"column":8},"end":{"line":11,"column":30}},"4":{"start":{"line":18,"column":8},"end":{"line":20,"column":9}},"5":{"start":{"line":19,"column":12},"end":{"line":19,"column":32}},"6":{"start":{"line":22,"column":8},"end":{"line":50,"column":9}},"7":{"start":{"line":23,"column":12},"end":{"line":25,"column":13}},"8":{"start":{"line":24,"column":16},"end":{"line":24,"column":100}},"9":{"start":{"line":27,"column":30},"end":{"line":27,"column":82}},"10":{"start":{"line":29,"column":12},"end":{"line":31,"column":13}},"11":{"start":{"line":30,"column":16},"end":{"line":30,"column":75}},"12":{"start":{"line":33,"column":12},"end":{"line":37,"column":13}},"13":{"start":{"line":34,"column":16},"end":{"line":34,"column":65}},"14":{"start":{"line":36,"column":16},"end":{"line":36,"column":55}},"15":{"start":{"line":39,"column":12},"end":{"line":39,"column":66}},"16":{"start":{"line":40,"column":12},"end":{"line":40,"column":32}},"17":{"start":{"line":41,"column":12},"end":{"line":41,"column":40}},"18":{"start":{"line":43,"column":12},"end":{"line":43,"column":60}},"19":{"start":{"line":44,"column":12},"end":{"line":44,"column":32}},"20":{"start":{"line":47,"column":12},"end":{"line":47,"column":80}},"21":{"start":{"line":48,"column":12},"end":{"line":48,"column":33}},"22":{"start":{"line":49,"column":12},"end":{"line":49,"column":24}},"23":{"start":{"line":57,"column":8},"end":{"line":62,"column":9}},"24":{"start":{"line":58,"column":12},"end":{"line":61,"column":14}},"25":{"start":{"line":64,"column":24},"end":{"line":64,"column":47}},"26":{"start":{"line":66,"column":31},"end":{"line":81,"column":9}},"27":{"start":{"line":83,"column":8},"end":{"line":105,"column":9}},"28":{"start":{"line":84,"column":31},"end":{"line":84,"column":33}},"29":{"start":{"line":87,"column":27},"end":{"line":87,"column":72}},"30":{"start":{"line":89,"column":12},"end":{"line":91,"column":13}},"31":{"start":{"line":90,"column":16},"end":{"line":90,"column":38}},"32":{"start":{"line":93,"column":12},"end":{"line":98,"column":14}},"33":{"start":{"line":100,"column":12},"end":{"line":100,"column":52}},"34":{"start":{"line":101,"column":12},"end":{"line":104,"column":14}},"35":{"start":{"line":112,"column":24},"end":{"line":112,"column":47}},"36":{"start":{"line":114,"column":27},"end":{"line":127,"column":9}},"37":{"start":{"line":129,"column":8},"end":{"line":151,"column":9}},"38":{"start":{"line":130,"column":29},"end":{"line":130,"column":61}},"39":{"start":{"line":133,"column":26},"end":{"line":137,"column":48}},"40":{"start":{"line":135,"column":32},"end":{"line":135,"column":55}},"41":{"start":{"line":136,"column":29},"end":{"line":136,"column":72}},"42":{"start":{"line":137,"column":32},"end":{"line":137,"column":47}},"43":{"start":{"line":139,"column":12},"end":{"line":144,"column":14}},"44":{"start":{"line":146,"column":12},"end":{"line":146,"column":59}},"45":{"start":{"line":147,"column":12},"end":{"line":150,"column":14}},"46":{"start":{"line":158,"column":24},"end":{"line":158,"column":47}},"47":{"start":{"line":160,"column":30},"end":{"line":166,"column":9}},"48":{"start":{"line":168,"column":8},"end":{"line":186,"column":9}},"49":{"start":{"line":169,"column":29},"end":{"line":169,"column":64}},"50":{"start":{"line":171,"column":29},"end":{"line":174,"column":42}},"51":{"start":{"line":173,"column":26},"end":{"line":173,"column":34}},"52":{"start":{"line":174,"column":29},"end":{"line":174,"column":41}},"53":{"start":{"line":176,"column":12},"end":{"line":180,"column":14}},"54":{"start":{"line":182,"column":12},"end":{"line":185,"column":14}},"55":{"start":{"line":193,"column":8},"end":{"line":193,"column":85}},"56":{"start":{"line":197,"column":8},"end":{"line":197,"column":68}},"57":{"start":{"line":197,"column":38},"end":{"line":197,"column":66}},"58":{"start":{"line":201,"column":8},"end":{"line":205,"column":9}},"59":{"start":{"line":202,"column":12},"end":{"line":202,"column":41}},"60":{"start":{"line":203,"column":12},"end":{"line":203,"column":32}},"61":{"start":{"line":204,"column":12},"end":{"line":204,"column":33}}},"fnMap":{"0":{"name":"(anonymous_0)","decl":{"start":{"line":7,"column":4},"end":{"line":7,"column":5}},"loc":{"start":{"line":7,"column":18},"end":{"line":12,"column":5}},"line":7},"1":{"name":"(anonymous_1)","decl":{"start":{"line":17,"column":4},"end":{"line":17,"column":5}},"loc":{"start":{"line":17,"column":23},"end":{"line":51,"column":5}},"line":17},"2":{"name":"(anonymous_2)","decl":{"start":{"line":56,"column":4},"end":{"line":56,"column":5}},"loc":{"start":{"line":56,"column":32},"end":{"line":106,"column":5}},"line":56},"3":{"name":"(anonymous_3)","decl":{"start":{"line":111,"column":4},"end":{"line":111,"column":5}},"loc":{"start":{"line":111,"column":53},"end":{"line":152,"column":5}},"line":111},"4":{"name":"(anonymous_4)","decl":{"start":{"line":135,"column":24},"end":{"line":135,"column":25}},"loc":{"start":{"line":135,"column":32},"end":{"line":135,"column":55}},"line":135},"5":{"name":"(anonymous_5)","decl":{"start":{"line":136,"column":21},"end":{"line":136,"column":22}},"loc":{"start":{"line":136,"column":29},"end":{"line":136,"column":72}},"line":136},"6":{"name":"(anonymous_6)","decl":{"start":{"line":137,"column":24},"end":{"line":137,"column":25}},"loc":{"start":{"line":137,"column":32},"end":{"line":137,"column":47}},"line":137},"7":{"name":"(anonymous_7)","decl":{"start":{"line":157,"column":4},"end":{"line":157,"column":5}},"loc":{"start":{"line":157,"column":32},"end":{"line":187,"column":5}},"line":157},"8":{"name":"(anonymous_8)","decl":{"start":{"line":173,"column":21},"end":{"line":173,"column":22}},"loc":{"start":{"line":173,"column":26},"end":{"line":173,"column":34}},"line":173},"9":{"name":"(anonymous_9)","decl":{"start":{"line":174,"column":24},"end":{"line":174,"column":25}},"loc":{"start":{"line":174,"column":29},"end":{"line":174,"column":41}},"line":174},"10":{"name":"(anonymous_10)","decl":{"start":{"line":192,"column":4},"end":{"line":192,"column":5}},"loc":{"start":{"line":192,"column":24},"end":{"line":194,"column":5}},"line":192},"11":{"name":"(anonymous_11)","decl":{"start":{"line":196,"column":4},"end":{"line":196,"column":5}},"loc":{"start":{"line":196,"column":41},"end":{"line":198,"column":5}},"line":196},"12":{"name":"(anonymous_12)","decl":{"start":{"line":197,"column":27},"end":{"line":197,"column":28}},"loc":{"start":{"line":197,"column":38},"end":{"line":197,"column":66}},"line":197},"13":{"name":"(anonymous_13)","decl":{"start":{"line":200,"column":4},"end":{"line":200,"column":5}},"loc":{"start":{"line":200,"column":20},"end":{"line":206,"column":5}},"line":200}},"branchMap":{"0":{"loc":{"start":{"line":18,"column":8},"end":{"line":20,"column":9}},"type":"if","locations":[{"start":{"line":18,"column":8},"end":{"line":20,"column":9}},{"start":{},"end":{}}],"line":18},"1":{"loc":{"start":{"line":18,"column":12},"end":{"line":18,"column":53}},"type":"binary-expr","locations":[{"start":{"line":18,"column":12},"end":{"line":18,"column":24}},{"start":{"line":18,"column":28},"end":{"line":18,"column":53}}],"line":18},"2":{"loc":{"start":{"line":23,"column":12},"end":{"line":25,"column":13}},"type":"if","locations":[{"start":{"line":23,"column":12},"end":{"line":25,"column":13}},{"start":{},"end":{}}],"line":23},"3":{"loc":{"start":{"line":23,"column":16},"end":{"line":23,"column":68}},"type":"binary-expr","locations":[{"start":{"line":23,"column":16},"end":{"line":23,"column":33}},{"start":{"line":23,"column":37},"end":{"line":23,"column":68}}],"line":23},"4":{"loc":{"start":{"line":29,"column":12},"end":{"line":31,"column":13}},"type":"if","locations":[{"start":{"line":29,"column":12},"end":{"line":31,"column":13}},{"start":{},"end":{}}],"line":29},"5":{"loc":{"start":{"line":33,"column":12},"end":{"line":37,"column":13}},"type":"if","locations":[{"start":{"line":33,"column":12},"end":{"line":37,"column":13}},{"start":{},"end":{}}],"line":33},"6":{"loc":{"start":{"line":57,"column":8},"end":{"line":62,"column":9}},"type":"if","locations":[{"start":{"line":57,"column":8},"end":{"line":62,"column":9}},{"start":{},"end":{}}],"line":57},"7":{"loc":{"start":{"line":57,"column":12},"end":{"line":57,"column":49}},"type":"binary-expr","locations":[{"start":{"line":57,"column":12},"end":{"line":57,"column":19}},{"start":{"line":57,"column":23},"end":{"line":57,"column":49}}],"line":57},"8":{"loc":{"start":{"line":103,"column":23},"end":{"line":103,"column":66}},"type":"binary-expr","locations":[{"start":{"line":103,"column":23},"end":{"line":103,"column":36}},{"start":{"line":103,"column":40},"end":{"line":103,"column":66}}],"line":103},"9":{"loc":{"start":{"line":111,"column":32},"end":{"line":111,"column":51}},"type":"default-arg","locations":[{"start":{"line":111,"column":49},"end":{"line":111,"column":51}}],"line":111},"10":{"loc":{"start":{"line":116,"column":2},"end":{"line":116,"column":65}},"type":"cond-expr","locations":[{"start":{"line":116,"column":19},"end":{"line":116,"column":60}},{"start":{"line":116,"column":63},"end":{"line":116,"column":65}}],"line":116},"11":{"loc":{"start":{"line":193,"column":15},"end":{"line":193,"column":84}},"type":"binary-expr","locations":[{"start":{"line":193,"column":15},"end":{"line":193,"column":29}},{"start":{"line":193,"column":34},"end":{"line":193,"column":83}}],"line":193},"12":{"loc":{"start":{"line":201,"column":8},"end":{"line":205,"column":9}},"type":"if","locations":[{"start":{"line":201,"column":8},"end":{"line":205,"column":9}},{"start":{},"end":{}}],"line":201}},"s":{"0":0,"1":0,"2":0,"3":0,"4":0,"5":0,"6":0,"7":0,"8":0,"9":0,"10":0,"11":0,"12":0,"13":0,"14":0,"15":0,"16":0,"17":0,"18":0,"19":0,"20":0,"21":0,"22":0,"23":0,"24":0,"25":0,"26":0,"27":0,"28":0,"29":0,"30":0,"31":0,"32":0,"33":0,"34":0,"35":0,"36":0,"37":0,"38":0,"39":0,"40":0,"41":0,"42":0,"43":0,"44":0,"45":0,"46":0,"47":0,"48":0,"49":0,"50":0,"51":0,"52":0,"53":0,"54":0,"55":0,"56":0,"57":0,"58":0,"59":0,"60":0,"61":0},"f":{"0":0,"1":0,"2":0,"3":0,"4":0,"5":0,"6":0,"7":0,"8":0,"9":0,"10":0,"11":0,"12":0,"13":0},"b":{"0":[0,0],"1":[0,0],"2":[0,0],"3":[0,0],"4":[0,0],"5":[0,0],"6":[0,0],"7":[0,0],"8":[0,0],"9":[0],"10":[0,0],"11":[0,0],"12":[0,0]}}
,"/Users/dev/Desktop/draftloom-extension/src/apis/proofreaderAPI.js": {"path":"/Users/dev/Desktop/draftloom-extension/src/apis/proofreaderAPI.js","statementMap":{"0":{"start":{"line":7,"column":8},"end":{"line":7,"column":28}},"1":{"start":{"line":8,"column":8},"end":{"line":8,"column":29}},"2":{"start":{"line":9,"column":8},"end":{"line":9,"column":30}},"3":{"start":{"line":10,"column":8},"end":{"line":10,"column":45}},"4":{"start":{"line":14,"column":8},"end":{"line":16,"column":9}},"5":{"start":{"line":15,"column":12},"end":{"line":15,"column":32}},"6":{"start":{"line":18,"column":8},"end":{"line":40,"column":9}},"7":{"start":{"line":19,"column":12},"end":{"line":21,"column":13}},"8":{"start":{"line":20,"column":16},"end":{"line":20,"column":65}},"9":{"start":{"line":23,"column":30},"end":{"line":23,"column":87}},"10":{"start":{"line":25,"column":12},"end":{"line":28,"column":13}},"11":{"start":{"line":26,"column":16},"end":{"line":26,"column":66}},"12":{"start":{"line":27,"column":16},"end":{"line":27,"column":72}},"13":{"start":{"line":27,"column":45},"end":{"line":27,"column":70}},"14":{"start":{"line":30,"column":12},"end":{"line":30,"column":82}},"15":{"start":{"line":31,"column":12},"end":{"line":31,"column":32}},"16":{"start":{"line":32,"column":12},"end":{"line":32,"column":40}},"17":{"start":{"line":34,"column":12},"end":{"line":34,"column":65}},"18":{"start":{"line":35,"column":12},"end":{"line":35,"column":32}},"19":{"start":{"line":37,"column":12},"end":{"line":37,"column":85}},"20":{"start":{"line":38,"column":12},"end":{"line":38,"column":33}},"21":{"start":{"line":39,"column":12},"end":{"line":39,"column":24}},"22":{"start":{"line":47,"column":8},"end":{"line":49,"column":9}},"23":{"start":{"line":48,"column":12},"end":{"line":48,"column":69}},"24":{"start":{"line":51,"column":24},"end":{"line":51,"column":47}},"25":{"start":{"line":53,"column":8},"end":{"line":74,"column":9}},"26":{"start":{"line":54,"column":32},"end":{"line":54,"column":61}},"27":{"start":{"line":56,"column":41},"end":{"line":56,"column":77}},"28":{"start":{"line":57,"column":26},"end":{"line":57,"column":74}},"29":{"start":{"line":59,"column":12},"end":{"line":67,"column":14}},"30":{"start":{"line":65,"column":66},"end":{"line":65,"column":91}},"31":{"start":{"line":69,"column":12},"end":{"line":69,"column":53}},"32":{"start":{"line":70,"column":12},"end":{"line":73,"column":14}},"33":{"start":{"line":81,"column":8},"end":{"line":83,"column":9}},"34":{"start":{"line":82,"column":12},"end":{"line":82,"column":22}},"35":{"start":{"line":85,"column":8},"end":{"line":98,"column":11}},"36":{"start":{"line":86,"column":25},"end":{"line":86,"column":58}},"37":{"start":{"line":87,"column":29},"end":{"line":87,"column":58}},"38":{"start":{"line":89,"column":12},"end":{"line":97,"column":14}},"39":{"start":{"line":105,"column":23},"end":{"line":105,"column":62}},"40":{"start":{"line":107,"column":8},"end":{"line":107,"column":90}},"41":{"start":{"line":107,"column":72},"end":{"line":107,"column":90}},"42":{"start":{"line":108,"column":8},"end":{"line":108,"column":57}},"43":{"start":{"line":108,"column":40},"end":{"line":108,"column":57}},"44":{"start":{"line":109,"column":8},"end":{"line":109,"column":65}},"45":{"start":{"line":109,"column":44},"end":{"line":109,"column":65}},"46":{"start":{"line":110,"column":8},"end":{"line":110,"column":99}},"47":{"start":{"line":110,"column":67},"end":{"line":110,"column":99}},"48":{"start":{"line":111,"column":8},"end":{"line":111,"column":53}},"49":{"start":{"line":111,"column":38},"end":{"line":111,"column":53}},"50":{"start":{"line":112,"column":8},"end":{"line":112,"column":63}},"51":{"start":{"line":112,"column":40},"end":{"line":112,"column":63}},"52":{"start":{"line":113,"column":8},"end":{"line":113,"column":53}},"53":{"start":{"line":113,"column":38},"end":{"line":113,"column":53}},"54":{"start":{"line":114,"column":8},"end":{"line":114,"column":57}},"55":{"start":{"line":114,"column":40},"end":{"line":114,"column":57}},"56":{"start":{"line":115,"column":8},"end":{"line":115,"column":65}},"57":{"start":{"line":115,"column":44},"end":{"line":115,"column":65}},"58":{"start":{"line":117,"column":8},"end":{"line":117,"column":23}},"59":{"start":{"line":124,"column":31},"end":{"line":124,"column":80}},"60":{"start":{"line":125,"column":30},"end":{"line":125,"column":71}},"61":{"start":{"line":127,"column":8},"end":{"line":127,"column":61}},"62":{"start":{"line":127,"column":43},"end":{"line":127,"column":61}},"63":{"start":{"line":128,"column":8},"end":{"line":128,"column":59}},"64":{"start":{"line":128,"column":42},"end":{"line":128,"column":59}},"65":{"start":{"line":129,"column":8},"end":{"line":129,"column":22}},"66":{"start":{"line":136,"column":29},"end":{"line":146,"column":9}},"67":{"start":{"line":148,"column":8},"end":{"line":148,"column":84}},"68":{"start":{"line":155,"column":8},"end":{"line":158,"column":10}},"69":{"start":{"line":165,"column":23},"end":{"line":165,"column":25}},"70":{"start":{"line":166,"column":27},"end":{"line":166,"column":63}},"71":{"start":{"line":168,"column":8},"end":{"line":171,"column":11}},"72":{"start":{"line":169,"column":12},"end":{"line":169,"column":55}},"73":{"start":{"line":170,"column":12},"end":{"line":170,"column":71}},"74":{"start":{"line":173,"column":8},"end":{"line":178,"column":10}},"75":{"start":{"line":185,"column":24},"end":{"line":185,"column":32}},"76":{"start":{"line":188,"column":23},"end":{"line":188,"column":79}},"77":{"start":{"line":188,"column":55},"end":{"line":188,"column":78}},"78":{"start":{"line":190,"column":8},"end":{"line":195,"column":11}},"79":{"start":{"line":191,"column":12},"end":{"line":194,"column":13}},"80":{"start":{"line":192,"column":30},"end":{"line":192,"column":105}},"81":{"start":{"line":193,"column":16},"end":{"line":193,"column":76}},"82":{"start":{"line":197,"column":8},"end":{"line":197,"column":25}},"83":{"start":{"line":201,"column":8},"end":{"line":201,"column":85}},"84":{"start":{"line":205,"column":8},"end":{"line":208,"column":9}},"85":{"start":{"line":206,"column":12},"end":{"line":206,"column":32}},"86":{"start":{"line":207,"column":12},"end":{"line":207,"column":33}}},"fnMap":{"0":{"name":"(anonymous_0)","decl":{"start":{"line":6,"column":4},"end":{"line":6,"column":5}},"loc":{"start":{"line":6,"column":18},"end":{"line":11,"column":5}},"line":6},"1":{"name":"(anonymous_1)","decl":{"start":{"line":13,"column":4},"end":{"line":13,"column":5}},"loc":{"start":{"line":13,"column":23},"end":{"line":41,"column":5}},"line":13},"2":{"name":"(anonymous_2)","decl":{"start":{"line":27,"column":34},"end":{"line":27,"column":35}},"loc":{"start":{"line":27,"column":45},"end":{"line":27,"column":70}},"line":27},"3":{"name":"(anonymous_3)","decl":{"start":{"line":46,"column":4},"end":{"line":46,"column":5}},"loc":{"start":{"line":46,"column":26},"end":{"line":75,"column":5}},"line":46},"4":{"name":"(anonymous_4)","decl":{"start":{"line":65,"column":61},"end":{"line":65,"column":62}},"loc":{"start":{"line":65,"column":66},"end":{"line":65,"column":91}},"line":65},"5":{"name":"(anonymous_5)","decl":{"start":{"line":80,"column":4},"end":{"line":80,"column":5}},"loc":{"start":{"line":80,"column":36},"end":{"line":99,"column":5}},"line":80},"6":{"name":"(anonymous_6)","decl":{"start":{"line":85,"column":31},"end":{"line":85,"column":32}},"loc":{"start":{"line":85,"column":47},"end":{"line":98,"column":9}},"line":85},"7":{"name":"(anonymous_7)","decl":{"start":{"line":104,"column":4},"end":{"line":104,"column":5}},"loc":{"start":{"line":104,"column":33},"end":{"line":118,"column":5}},"line":104},"8":{"name":"(anonymous_8)","decl":{"start":{"line":123,"column":4},"end":{"line":123,"column":5}},"loc":{"start":{"line":123,"column":29},"end":{"line":130,"column":5}},"line":123},"9":{"name":"(anonymous_9)","decl":{"start":{"line":135,"column":4},"end":{"line":135,"column":5}},"loc":{"start":{"line":135,"column":38},"end":{"line":149,"column":5}},"line":135},"10":{"name":"(anonymous_10)","decl":{"start":{"line":154,"column":4},"end":{"line":154,"column":5}},"loc":{"start":{"line":154,"column":28},"end":{"line":159,"column":5}},"line":154},"11":{"name":"(anonymous_11)","decl":{"start":{"line":164,"column":4},"end":{"line":164,"column":5}},"loc":{"start":{"line":164,"column":47},"end":{"line":179,"column":5}},"line":164},"12":{"name":"(anonymous_12)","decl":{"start":{"line":168,"column":28},"end":{"line":168,"column":29}},"loc":{"start":{"line":168,"column":33},"end":{"line":171,"column":9}},"line":168},"13":{"name":"(anonymous_13)","decl":{"start":{"line":184,"column":4},"end":{"line":184,"column":5}},"loc":{"start":{"line":184,"column":45},"end":{"line":198,"column":5}},"line":184},"14":{"name":"(anonymous_14)","decl":{"start":{"line":188,"column":45},"end":{"line":188,"column":46}},"loc":{"start":{"line":188,"column":55},"end":{"line":188,"column":78}},"line":188},"15":{"name":"(anonymous_15)","decl":{"start":{"line":190,"column":23},"end":{"line":190,"column":24}},"loc":{"start":{"line":190,"column":39},"end":{"line":195,"column":9}},"line":190},"16":{"name":"(anonymous_16)","decl":{"start":{"line":200,"column":4},"end":{"line":200,"column":5}},"loc":{"start":{"line":200,"column":24},"end":{"line":202,"column":5}},"line":200},"17":{"name":"(anonymous_17)","decl":{"start":{"line":204,"column":4},"end":{"line":204,"column":5}},"loc":{"start":{"line":204,"column":20},"end":{"line":209,"column":5}},"line":204}},"branchMap":{"0":{"loc":{"start":{"line":14,"column":8},"end":{"line":16,"column":9}},"type":"if","locations":[{"start":{"line":14,"column":8},"end":{"line":16,"column":9}},{"start":{},"end":{}}],"line":14},"1":{"loc":{"start":{"line":14,"column":12},"end":{"line":14,"column":53}},"type":"binary-expr","locations":[{"start":{"line":14,"column":12},"end":{"line":14,"column":24}},{"start":{"line":14,"column":28},"end":{"line":14,"column":53}}],"line":14},"2":{"loc":{"start":{"line":19,"column":12},"end":{"line":21,"column":13}},"type":"if","locations":[{"start":{"line":19,"column":12},"end":{"line":21,"column":13}},{"start":{},"end":{}}],"line":19},"3":{"loc":{"start":{"line":19,"column":16},"end":{"line":19,"column":66}},"type":"binary-expr","locations":[{"start":{"line":19,"column":16},"end":{"line":19,"column":33}},{"start":{"line":19,"column":37},"end":{"line":19,"column":66}}],"line":19},"4":{"loc":{"start":{"line":25,"column":12},"end":{"line":28,"column":13}},"type":"if","locations":[{"start":{"line":25,"column":12},"end":{"line":28,"column":13}},{"start":{},"end":{}}],"line":25},"5":{"loc":{"start":{"line":47,"column":8},"end":{"line":49,"column":9}},"type":"if","locations":[{"start":{"line":47,"column":8},"end":{"line":49,"column":9}},{"start":{},"end":{}}],"line":47},"6":{"loc":{"start":{"line":47,"column":12},"end":{"line":47,"column":45}},"type":"binary-expr","locations":[{"start":{"line":47,"column":12},"end":{"line":47,"column":17}},{"start":{"line":47,"column":21},"end":{"line":47,"column":45}}],"line":47},"7":{"loc":{"start":{"line":81,"column":8},"end":{"line":83,"column":9}},"type":"if","locations":[{"start":{"line":81,"column":8},"end":{"line":83,"column":9}},{"start":{},"end":{}}],"line":81},"8":{"loc":{"start":{"line":92,"column":26},"end":{"line":92,"column":51}},"type":"binary-expr","locations":[{"start":{"line":92,"column":26},"end":{"line":92,"column":45}},{"start":{"line":92,"column":49},"end":{"line":92,"column":51}}],"line":92},"9":{"loc":{"start":{"line":93,"column":28},"end":{"line":93,"column":55}},"type":"binary-expr","locations":[{"start":{"line":93,"column":28},"end":{"line":93,"column":49}},{"start":{"line":93,"column":53},"end":{"line":93,"column":55}}],"line":93},"10":{"loc":{"start":{"line":95,"column":26},"end":{"line":95,"column":47}},"type":"binary-expr","locations":[{"start":{"line":95,"column":26},"end":{"line":95,"column":42}},{"start":{"line":95,"column":46},"end":{"line":95,"column":47}}],"line":95},"11":{"loc":{"start":{"line":105,"column":24},"end":{"line":105,"column":47}},"type":"binary-expr","locations":[{"start":{"line":105,"column":24},"end":{"line":105,"column":41}},{"start":{"line":105,"column":45},"end":{"line":105,"column":47}}],"line":105},"12":{"loc":{"start":{"line":107,"column":8},"end":{"line":107,"column":90}},"type":"if","locations":[{"start":{"line":107,"column":8},"end":{"line":107,"column":90}},{"start":{},"end":{}}],"line":107},"13":{"loc":{"start":{"line":107,"column":12},"end":{"line":107,"column":70}},"type":"binary-expr","locations":[{"start":{"line":107,"column":12},"end":{"line":107,"column":39}},{"start":{"line":107,"column":43},"end":{"line":107,"column":70}}],"line":107},"14":{"loc":{"start":{"line":108,"column":8},"end":{"line":108,"column":57}},"type":"if","locations":[{"start":{"line":108,"column":8},"end":{"line":108,"column":57}},{"start":{},"end":{}}],"line":108},"15":{"loc":{"start":{"line":109,"column":8},"end":{"line":109,"column":65}},"type":"if","locations":[{"start":{"line":109,"column":8},"end":{"line":109,"column":65}},{"start":{},"end":{}}],"line":109},"16":{"loc":{"start":{"line":110,"column":8},"end":{"line":110,"column":99}},"type":"if","locations":[{"start":{"line":110,"column":8},"end":{"line":110,"column":99}},{"start":{},"end":{}}],"line":110},"17":{"loc":{"start":{"line":110,"column":12},"end":{"line":110,"column":65}},"type":"binary-expr","locations":[{"start":{"line":110,"column":12},"end":{"line":110,"column":38}},{"start":{"line":110,"column":42},"end":{"line":110,"column":65}}],"line":110},"18":{"loc":{"start":{"line":111,"column":8},"end":{"line":111,"column":53}},"type":"if","locations":[{"start":{"line":111,"column":8},"end":{"line":111,"column":53}},{"start":{},"end":{}}],"line":111},"19":{"loc":{"start":{"line":112,"column":8},"end":{"line":112,"column":63}},"type":"if","locations":[{"start":{"line":112,"column":8},"end":{"line":112,"column":63}},{"start":{},"end":{}}],"line":112},"20":{"loc":{"start":{"line":113,"column":8},"end":{"line":113,"column":53}},"type":"if","locations":[{"start":{"line":113,"column":8},"end":{"line":113,"column":53}},{"start":{},"end":{}}],"line":113},"21":{"loc":{"start":{"line":114,"column":8},"end":{"line":114,"column":57}},"type":"if","locations":[{"start":{"line":114,"column":8},"end":{"line":114,"column":57}},{"start":{},"end":{}}],"line":114},"22":{"loc":{"start":{"line":115,"column":8},"end":{"line":115,"column":65}},"type":"if","locations":[{"start":{"line":115,"column":8},"end":{"line":115,"column":65}},{"start":{},"end":{}}],"line":115},"23":{"loc":{"start":{"line":127,"column":8},"end":{"line":127,"column":61}},"type":"if","locations":[{"start":{"line":127,"column":8},"end":{"line":127,"column":61}},{"start":{},"end":{}}],"line":127},"24":{"loc":{"start":{"line":128,"column":8},"end":{"line":128,"column":59}},"type":"if","locations":[{"start":{"line":128,"column":8},"end":{"line":128,"column":59}},{"start":{},"end":{}}],"line":128},"25":{"loc":{"start":{"line":138,"column":39},"end":{"line":138,"column":77}},"type":"binary-expr","locations":[{"start":{"line":138,"column":39},"end":{"line":138,"column":56}},{"start":{"line":138,"column":60},"end":{"line":138,"column":77}}],"line":138},"26":{"loc":{"start":{"line":139,"column":52},"end":{"line":139,"column":93}},"type":"binary-expr","locations":[{"start":{"line":139,"column":52},"end":{"line":139,"column":69}},{"start":{"line":139,"column":73},"end":{"line":139,"column":93}}],"line":139},"27":{"loc":{"start":{"line":148,"column":15},"end":{"line":148,"column":83}},"type":"binary-expr","locations":[{"start":{"line":148,"column":15},"end":{"line":148,"column":33}},{"start":{"line":148,"column":37},"end":{"line":148,"column":83}}],"line":148},"28":{"loc":{"start":{"line":156,"column":20},"end":{"line":156,"column":43}},"type":"binary-expr","locations":[{"start":{"line":156,"column":20},"end":{"line":156,"column":37}},{"start":{"line":156,"column":41},"end":{"line":156,"column":43}}],"line":156},"29":{"loc":{"start":{"line":157,"column":19},"end":{"line":157,"column":41}},"type":"binary-expr","locations":[{"start":{"line":157,"column":19},"end":{"line":157,"column":35}},{"start":{"line":157,"column":39},"end":{"line":157,"column":41}}],"line":157},"30":{"loc":{"start":{"line":169,"column":30},"end":{"line":169,"column":49}},"type":"binary-expr","locations":[{"start":{"line":169,"column":30},"end":{"line":169,"column":44}},{"start":{"line":169,"column":48},"end":{"line":169,"column":49}}],"line":169},"31":{"loc":{"start":{"line":170,"column":38},"end":{"line":170,"column":65}},"type":"binary-expr","locations":[{"start":{"line":170,"column":38},"end":{"line":170,"column":60}},{"start":{"line":170,"column":64},"end":{"line":170,"column":65}}],"line":170},"32":{"loc":{"start":{"line":191,"column":12},"end":{"line":194,"column":13}},"type":"if","locations":[{"start":{"line":191,"column":12},"end":{"line":194,"column":13}},{"start":{},"end":{}}],"line":191},"33":{"loc":{"start":{"line":191,"column":16},"end":{"line":191,"column":60}},"type":"binary-expr","locations":[{"start":{"line":191,"column":16},"end":{"line":191,"column":37}},{"start":{"line":191,"column":41},"end":{"line":191,"column":60}}],"line":191},"34":{"loc":{"start":{"line":201,"column":15},"end":{"line":201,"column":84}},"type":"binary-expr","locations":[{"start":{"line":201,"column":15},"end":{"line":201,"column":29}},{"start":{"line":201,"column":34},"end":{"line":201,"column":83}}],"line":201},"35":{"loc":{"start":{"line":205,"column":8},"end":{"line":208,"column":9}},"type":"if","locations":[{"start":{"line":205,"column":8},"end":{"line":208,"column":9}},{"start":{},"end":{}}],"line":205}},"s":{"0":0,"1":0,"2":0,"3":0,"4":0,"5":0,"6":0,"7":0,"8":0,"9":0,"10":0,"11":0,"12":0,"13":0,"14":0,"15":0,"16":0,"17":0,"18":0,"19":0,"20":0,"21":0,"22":0,"23":0,"24":0,"25":0,"26":0,"27":0,"28":0,"29":0,"30":0,"31":0,"32":0,"33":0,"34":0,"35":0,"36":0,"37":0,"38":0,"39":0,"40":0,"41":0,"42":0,"43":0,"44":0,"45":0,"46":0,"47":0,"48":0,"49":0,"50":0,"51":0,"52":0,"53":0,"54":0,"55":0,"56":0,"57":0,"58":0,"59":0,"60":0,"61":0,"62":0,"63":0,"64":0,"65":0,"66":0,"67":0,"68":0,"69":0,"70":0,"71":0,"72":0,"73":0,"74":0,"75":0,"76":0,"77":0,"78":0,"79":0,"80":0,"81":0,"82":0,"83":0,"84":0,"85":0,"86":0},"f":{"0":0,"1":0,"2":0,"3":0,"4":0,"5":0,"6":0,"7":0,"8":0,"9":0,"10":0,"11":0,"12":0,"13":0,"14":0,"15":0,"16":0,"17":0},"b":{"0":[0,0],"1":[0,0],"2":[0,0],"3":[0,0],"4":[0,0],"5":[0,0],"6":[0,0],"7":[0,0],"8":[0,0],"9":[0,0],"10":[0,0],"11":[0,0],"12":[0,0],"13":[0,0],"14":[0,0],"15":[0,0],"16":[0,0],"17":[0,0],"18":[0,0],"19":[0,0],"20":[0,0],"21":[0,0],"22":[0,0],"23":[0,0],"24":[0,0],"25":[0,0],"26":[0,0],"27":[0,0],"28":[0,0],"29":[0,0],"30":[0,0],"31":[0,0],"32":[0,0],"33":[0,0],"34":[0,0],"35":[0,0]}}
,"/Users/dev/Desktop/draftloom-extension/src/apis/rewriterAPI.js": {"path":"/Users/dev/Desktop/draftloom-extension/src/apis/rewriterAPI.js","statementMap":{"0":{"start":{"line":7,"column":8},"end":{"line":7,"column":28}},"1":{"start":{"line":8,"column":8},"end":{"line":8,"column":29}},"2":{"start":{"line":9,"column":8},"end":{"line":9,"column":30}},"3":{"start":{"line":10,"column":8},"end":{"line":10,"column":45}},"4":{"start":{"line":14,"column":8},"end":{"line":16,"column":9}},"5":{"start":{"line":15,"column":12},"end":{"line":15,"column":32}},"6":{"start":{"line":18,"column":8},"end":{"line":40,"column":9}},"7":{"start":{"line":19,"column":12},"end":{"line":21,"column":13}},"8":{"start":{"line":20,"column":16},"end":{"line":20,"column":62}},"9":{"start":{"line":23,"column":30},"end":{"line":23,"column":80}},"10":{"start":{"line":25,"column":12},"end":{"line":28,"column":13}},"11":{"start":{"line":26,"column":16},"end":{"line":26,"column":63}},"12":{"start":{"line":27,"column":16},"end":{"line":27,"column":72}},"13":{"start":{"line":27,"column":45},"end":{"line":27,"column":70}},"14":{"start":{"line":30,"column":12},"end":{"line":30,"column":75}},"15":{"start":{"line":31,"column":12},"end":{"line":31,"column":32}},"16":{"start":{"line":32,"column":12},"end":{"line":32,"column":40}},"17":{"start":{"line":34,"column":12},"end":{"line":34,"column":62}},"18":{"start":{"line":35,"column":12},"end":{"line":35,"column":32}},"19":{"start":{"line":37,"column":12},"end":{"line":37,"column":82}},"20":{"start":{"line":38,"column":12},"end":{"line":38,"column":33}},"21":{"start":{"line":39,"column":12},"end":{"line":39,"column":24}},"22":{"start":{"line":47,"column":8},"end":{"line":49,"column":9}},"23":{"start":{"line":48,"column":12},"end":{"line":48,"column":69}},"24":{"start":{"line":51,"column":24},"end":{"line":51,"column":47}},"25":{"start":{"line":53,"column":27},"end":{"line":59,"column":9}},"26":{"start":{"line":61,"column":30},"end":{"line":75,"column":9}},"27":{"start":{"line":77,"column":8},"end":{"line":94,"column":9}},"28":{"start":{"line":78,"column":29},"end":{"line":78,"column":65}},"29":{"start":{"line":80,"column":12},"end":{"line":87,"column":14}},"30":{"start":{"line":89,"column":12},"end":{"line":89,"column":51}},"31":{"start":{"line":90,"column":12},"end":{"line":93,"column":14}},"32":{"start":{"line":101,"column":8},"end":{"line":103,"column":9}},"33":{"start":{"line":102,"column":12},"end":{"line":102,"column":69}},"34":{"start":{"line":105,"column":24},"end":{"line":105,"column":47}},"35":{"start":{"line":107,"column":27},"end":{"line":111,"column":9}},"36":{"start":{"line":113,"column":29},"end":{"line":126,"column":9}},"37":{"start":{"line":128,"column":8},"end":{"line":150,"column":9}},"38":{"start":{"line":129,"column":29},"end":{"line":129,"column":64}},"39":{"start":{"line":131,"column":34},"end":{"line":131,"column":58}},"40":{"start":{"line":132,"column":29},"end":{"line":132,"column":57}},"41":{"start":{"line":133,"column":34},"end":{"line":133,"column":96}},"42":{"start":{"line":135,"column":12},"end":{"line":143,"column":14}},"43":{"start":{"line":145,"column":12},"end":{"line":145,"column":61}},"44":{"start":{"line":146,"column":12},"end":{"line":149,"column":14}},"45":{"start":{"line":157,"column":24},"end":{"line":157,"column":47}},"46":{"start":{"line":159,"column":31},"end":{"line":170,"column":9}},"47":{"start":{"line":172,"column":8},"end":{"line":185,"column":9}},"48":{"start":{"line":173,"column":29},"end":{"line":173,"column":66}},"49":{"start":{"line":175,"column":12},"end":{"line":179,"column":14}},"50":{"start":{"line":181,"column":12},"end":{"line":184,"column":14}},"51":{"start":{"line":189,"column":8},"end":{"line":189,"column":85}},"52":{"start":{"line":193,"column":8},"end":{"line":196,"column":9}},"53":{"start":{"line":194,"column":12},"end":{"line":194,"column":32}},"54":{"start":{"line":195,"column":12},"end":{"line":195,"column":33}}},"fnMap":{"0":{"name":"(anonymous_0)","decl":{"start":{"line":6,"column":4},"end":{"line":6,"column":5}},"loc":{"start":{"line":6,"column":18},"end":{"line":11,"column":5}},"line":6},"1":{"name":"(anonymous_1)","decl":{"start":{"line":13,"column":4},"end":{"line":13,"column":5}},"loc":{"start":{"line":13,"column":23},"end":{"line":41,"column":5}},"line":13},"2":{"name":"(anonymous_2)","decl":{"start":{"line":27,"column":34},"end":{"line":27,"column":35}},"loc":{"start":{"line":27,"column":45},"end":{"line":27,"column":70}},"line":27},"3":{"name":"(anonymous_3)","decl":{"start":{"line":46,"column":4},"end":{"line":46,"column":5}},"loc":{"start":{"line":46,"column":51},"end":{"line":95,"column":5}},"line":46},"4":{"name":"(anonymous_4)","decl":{"start":{"line":100,"column":4},"end":{"line":100,"column":5}},"loc":{"start":{"line":100,"column":48},"end":{"line":151,"column":5}},"line":100},"5":{"name":"(anonymous_5)","decl":{"start":{"line":156,"column":4},"end":{"line":156,"column":5}},"loc":{"start":{"line":156,"column":29},"end":{"line":186,"column":5}},"line":156},"6":{"name":"(anonymous_6)","decl":{"start":{"line":188,"column":4},"end":{"line":188,"column":5}},"loc":{"start":{"line":188,"column":24},"end":{"line":190,"column":5}},"line":188},"7":{"name":"(anonymous_7)","decl":{"start":{"line":192,"column":4},"end":{"line":192,"column":5}},"loc":{"start":{"line":192,"column":20},"end":{"line":197,"column":5}},"line":192}},"branchMap":{"0":{"loc":{"start":{"line":14,"column":8},"end":{"line":16,"column":9}},"type":"if","locations":[{"start":{"line":14,"column":8},"end":{"line":16,"column":9}},{"start":{},"end":{}}],"line":14},"1":{"loc":{"start":{"line":14,"column":12},"end":{"line":14,"column":53}},"type":"binary-expr","locations":[{"start":{"line":14,"column":12},"end":{"line":14,"column":24}},{"start":{"line":14,"column":28},"end":{"line":14,"column":53}}],"line":14},"2":{"loc":{"start":{"line":19,"column":12},"end":{"line":21,"column":13}},"type":"if","locations":[{"start":{"line":19,"column":12},"end":{"line":21,"column":13}},{"start":{},"end":{}}],"line":19},"3":{"loc":{"start":{"line":19,"column":16},"end":{"line":19,"column":63}},"type":"binary-expr","locations":[{"start":{"line":19,"column":16},"end":{"line":19,"column":33}},{"start":{"line":19,"column":37},"end":{"line":19,"column":63}}],"line":19},"4":{"loc":{"start":{"line":25,"column":12},"end":{"line":28,"column":13}},"type":"if","locations":[{"start":{"line":25,"column":12},"end":{"line":28,"column":13}},{"start":{},"end":{}}],"line":25},"5":{"loc":{"start":{"line":46,"column":32},"end":{"line":46,"column":49}},"type":"default-arg","locations":[{"start":{"line":46,"column":39},"end":{"line":46,"column":49}}],"line":46},"6":{"loc":{"start":{"line":47,"column":8},"end":{"line":49,"column":9}},"type":"if","locations":[{"start":{"line":47,"column":8},"end":{"line":49,"column":9}},{"start":{},"end":{}}],"line":47},"7":{"loc":{"start":{"line":47,"column":12},"end":{"line":47,"column":45}},"type":"binary-expr","locations":[{"start":{"line":47,"column":12},"end":{"line":47,"column":17}},{"start":{"line":47,"column":21},"end":{"line":47,"column":45}}],"line":47},"8":{"loc":{"start":{"line":62,"column":34},"end":{"line":62,"column":73}},"type":"binary-expr","locations":[{"start":{"line":62,"column":34},"end":{"line":62,"column":50}},{"start":{"line":62,"column":54},"end":{"line":62,"column":73}}],"line":62},"9":{"loc":{"start":{"line":100,"column":29},"end":{"line":100,"column":46}},"type":"default-arg","locations":[{"start":{"line":100,"column":36},"end":{"line":100,"column":46}}],"line":100},"10":{"loc":{"start":{"line":101,"column":8},"end":{"line":103,"column":9}},"type":"if","locations":[{"start":{"line":101,"column":8},"end":{"line":103,"column":9}},{"start":{},"end":{}}],"line":101},"11":{"loc":{"start":{"line":101,"column":12},"end":{"line":101,"column":45}},"type":"binary-expr","locations":[{"start":{"line":101,"column":12},"end":{"line":101,"column":17}},{"start":{"line":101,"column":21},"end":{"line":101,"column":45}}],"line":101},"12":{"loc":{"start":{"line":114,"column":2},"end":{"line":114,"column":41}},"type":"binary-expr","locations":[{"start":{"line":114,"column":2},"end":{"line":114,"column":18}},{"start":{"line":114,"column":22},"end":{"line":114,"column":41}}],"line":114},"13":{"loc":{"start":{"line":189,"column":15},"end":{"line":189,"column":84}},"type":"binary-expr","locations":[{"start":{"line":189,"column":15},"end":{"line":189,"column":29}},{"start":{"line":189,"column":34},"end":{"line":189,"column":83}}],"line":189},"14":{"loc":{"start":{"line":193,"column":8},"end":{"line":196,"column":9}},"type":"if","locations":[{"start":{"line":193,"column":8},"end":{"line":196,"column":9}},{"start":{},"end":{}}],"line":193}},"s":{"0":0,"1":0,"2":0,"3":0,"4":0,"5":0,"6":0,"7":0,"8":0,"9":0,"10":0,"11":0,"12":0,"13":0,"14":0,"15":0,"16":0,"17":0,"18":0,"19":0,"20":0,"21":0,"22":0,"23":0,"24":0,"25":0,"26":0,"27":0,"28":0,"29":0,"30":0,"31":0,"32":0,"33":0,"34":0,"35":0,"36":0,"37":0,"38":0,"39":0,"40":0,"41":0,"42":0,"43":0,"44":0,"45":0,"46":0,"47":0,"48":0,"49":0,"50":0,"51":0,"52":0,"53":0,"54":0},"f":{"0":0,"1":0,"2":0,"3":0,"4":0,"5":0,"6":0,"7":0},"b":{"0":[0,0],"1":[0,0],"2":[0,0],"3":[0,0],"4":[0,0],"5":[0],"6":[0,0],"7":[0,0],"8":[0,0],"9":[0],"10":[0,0],"11":[0,0],"12":[0,0],"13":[0,0],"14":[0,0]}}
,"/Users/dev/Desktop/draftloom-extension/src/apis/summarizerAPI.js": {"path":"/Users/dev/Desktop/draftloom-extension/src/apis/summarizerAPI.js","statementMap":{"0":{"start":{"line":7,"column":8},"end":{"line":7,"column":31}},"1":{"start":{"line":11,"column":8},"end":{"line":13,"column":9}},"2":{"start":{"line":12,"column":12},"end":{"line":12,"column":60}},"3":{"start":{"line":15,"column":8},"end":{"line":25,"column":9}},"4":{"start":{"line":16,"column":12},"end":{"line":24,"column":13}},"5":{"start":{"line":17,"column":16},"end":{"line":19,"column":19}},"6":{"start":{"line":20,"column":16},"end":{"line":20,"column":68}},"7":{"start":{"line":22,"column":16},"end":{"line":22,"column":75}},"8":{"start":{"line":23,"column":16},"end":{"line":23,"column":28}},"9":{"start":{"line":27,"column":8},"end":{"line":27,"column":39}},"10":{"start":{"line":31,"column":8},"end":{"line":33,"column":9}},"11":{"start":{"line":32,"column":12},"end":{"line":32,"column":69}},"12":{"start":{"line":35,"column":8},"end":{"line":54,"column":9}},"13":{"start":{"line":36,"column":28},"end":{"line":36,"column":55}},"14":{"start":{"line":37,"column":28},"end":{"line":37,"column":57}},"15":{"start":{"line":39,"column":12},"end":{"line":47,"column":14}},"16":{"start":{"line":49,"column":12},"end":{"line":49,"column":53}},"17":{"start":{"line":50,"column":12},"end":{"line":53,"column":14}}},"fnMap":{"0":{"name":"(anonymous_0)","decl":{"start":{"line":6,"column":4},"end":{"line":6,"column":5}},"loc":{"start":{"line":6,"column":18},"end":{"line":8,"column":5}},"line":6},"1":{"name":"(anonymous_1)","decl":{"start":{"line":10,"column":4},"end":{"line":10,"column":5}},"loc":{"start":{"line":10,"column":38},"end":{"line":28,"column":5}},"line":10},"2":{"name":"(anonymous_2)","decl":{"start":{"line":30,"column":4},"end":{"line":30,"column":5}},"loc":{"start":{"line":30,"column":43},"end":{"line":55,"column":5}},"line":30}},"branchMap":{"0":{"loc":{"start":{"line":10,"column":21},"end":{"line":10,"column":36}},"type":"default-arg","locations":[{"start":{"line":10,"column":28},"end":{"line":10,"column":36}}],"line":10},"1":{"loc":{"start":{"line":11,"column":8},"end":{"line":13,"column":9}},"type":"if","locations":[{"start":{"line":11,"column":8},"end":{"line":13,"column":9}},{"start":{},"end":{}}],"line":11},"2":{"loc":{"start":{"line":11,"column":12},"end":{"line":11,"column":61}},"type":"binary-expr","locations":[{"start":{"line":11,"column":12},"end":{"line":11,"column":29}},{"start":{"line":11,"column":33},"end":{"line":11,"column":61}}],"line":11},"3":{"loc":{"start":{"line":15,"column":8},"end":{"line":25,"column":9}},"type":"if","locations":[{"start":{"line":15,"column":8},"end":{"line":25,"column":9}},{"start":{},"end":{}}],"line":15},"4":{"loc":{"start":{"line":30,"column":26},"end":{"line":30,"column":41}},"type":"default-arg","locations":[{"start":{"line":30,"column":33},"end":{"line":30,"column":41}}],"line":30},"5":{"loc":{"start":{"line":31,"column":8},"end":{"line":33,"column":9}},"type":"if","locations":[{"start":{"line":31,"column":8},"end":{"line":33,"column":9}},{"start":{},"end":{}}],"line":31},"6":{"loc":{"start":{"line":31,"column":12},"end":{"line":31,"column":45}},"type":"binary-expr","locations":[{"start":{"line":31,"column":12},"end":{"line":31,"column":17}},{"start":{"line":31,"column":21},"end":{"line":31,"column":45}}],"line":31}},"s":{"0":0,"1":0,"2":0,"3":0,"4":0,"5":0,"6":0,"7":0,"8":0,"9":0,"10":0,"11":0,"12":0,"13":0,"14":0,"15":0,"16":0,"17":0},"f":{"0":0,"1":0,"2":0},"b":{"0":[0],"1":[0,0],"2":[0,0],"3":[0,0],"4":[0],"5":[0,0],"6":[0,0]}}
,"/Users/dev/Desktop/draftloom-extension/src/apis/translatorAPI.js": {"path":"/Users/dev/Desktop/draftloom-extension/src/apis/translatorAPI.js","statementMap":{"0":{"start":{"line":7,"column":8},"end":{"line":7,"column":31}},"1":{"start":{"line":11,"column":25},"end":{"line":11,"column":62}},"2":{"start":{"line":13,"column":8},"end":{"line":15,"column":9}},"3":{"start":{"line":14,"column":12},"end":{"line":14,"column":60}},"4":{"start":{"line":17,"column":8},"end":{"line":28,"column":9}},"5":{"start":{"line":18,"column":12},"end":{"line":27,"column":13}},"6":{"start":{"line":19,"column":16},"end":{"line":22,"column":19}},"7":{"start":{"line":23,"column":16},"end":{"line":23,"column":103}},"8":{"start":{"line":25,"column":16},"end":{"line":25,"column":75}},"9":{"start":{"line":26,"column":16},"end":{"line":26,"column":28}},"10":{"start":{"line":30,"column":8},"end":{"line":30,"column":43}},"11":{"start":{"line":34,"column":8},"end":{"line":36,"column":9}},"12":{"start":{"line":35,"column":12},"end":{"line":35,"column":69}},"13":{"start":{"line":38,"column":8},"end":{"line":57,"column":9}},"14":{"start":{"line":39,"column":28},"end":{"line":39,"column":81}},"15":{"start":{"line":40,"column":31},"end":{"line":40,"column":60}},"16":{"start":{"line":42,"column":12},"end":{"line":50,"column":14}},"17":{"start":{"line":52,"column":12},"end":{"line":52,"column":53}},"18":{"start":{"line":53,"column":12},"end":{"line":56,"column":14}},"19":{"start":{"line":62,"column":8},"end":{"line":74,"column":10}}},"fnMap":{"0":{"name":"(anonymous_0)","decl":{"start":{"line":6,"column":4},"end":{"line":6,"column":5}},"loc":{"start":{"line":6,"column":18},"end":{"line":8,"column":5}},"line":6},"1":{"name":"(anonymous_1)","decl":{"start":{"line":10,"column":4},"end":{"line":10,"column":5}},"loc":{"start":{"line":10,"column":67},"end":{"line":31,"column":5}},"line":10},"2":{"name":"(anonymous_2)","decl":{"start":{"line":33,"column":4},"end":{"line":33,"column":5}},"loc":{"start":{"line":33,"column":72},"end":{"line":58,"column":5}},"line":33},"3":{"name":"(anonymous_3)","decl":{"start":{"line":61,"column":4},"end":{"line":61,"column":5}},"loc":{"start":{"line":61,"column":28},"end":{"line":75,"column":5}},"line":61}},"branchMap":{"0":{"loc":{"start":{"line":10,"column":21},"end":{"line":10,"column":42}},"type":"default-arg","locations":[{"start":{"line":10,"column":38},"end":{"line":10,"column":42}}],"line":10},"1":{"loc":{"start":{"line":10,"column":44},"end":{"line":10,"column":65}},"type":"default-arg","locations":[{"start":{"line":10,"column":61},"end":{"line":10,"column":65}}],"line":10},"2":{"loc":{"start":{"line":13,"column":8},"end":{"line":15,"column":9}},"type":"if","locations":[{"start":{"line":13,"column":8},"end":{"line":15,"column":9}},{"start":{},"end":{}}],"line":13},"3":{"loc":{"start":{"line":13,"column":12},"end":{"line":13,"column":61}},"type":"binary-expr","locations":[{"start":{"line":13,"column":12},"end":{"line":13,"column":29}},{"start":{"line":13,"column":33},"end":{"line":13,"column":61}}],"line":13},"4":{"loc":{"start":{"line":17,"column":8},"end":{"line":28,"column":9}},"type":"if","locations":[{"start":{"line":17,"column":8},"end":{"line":28,"column":9}},{"start":{},"end":{}}],"line":17},"5":{"loc":{"start":{"line":33,"column":26},"end":{"line":33,"column":47}},"type":"default-arg","locations":[{"start":{"line":33,"column":43},"end":{"line":33,"column":47}}],"line":33},"6":{"loc":{"start":{"line":33,"column":49},"end":{"line":33,"column":70}},"type":"default-arg","locations":[{"start":{"line":33,"column":66},"end":{"line":33,"column":70}}],"line":33},"7":{"loc":{"start":{"line":34,"column":8},"end":{"line":36,"column":9}},"type":"if","locations":[{"start":{"line":34,"column":8},"end":{"line":36,"column":9}},{"start":{},"end":{}}],"line":34},"8":{"loc":{"start":{"line":34,"column":12},"end":{"line":34,"column":45}},"type":"binary-expr","locations":[{"start":{"line":34,"column":12},"end":{"line":34,"column":17}},{"start":{"line":34,"column":21},"end":{"line":34,"column":45}}],"line":34}},"s":{"0":0,"1":0,"2":0,"3":0,"4":0,"5":0,"6":0,"7":0,"8":0,"9":0,"10":0,"11":0,"12":0,"13":0,"14":0,"15":0,"16":0,"17":0,"18":0,"19":0},"f":{"0":0,"1":0,"2":0,"3":0},"b":{"0":[0],"1":[0],"2":[0,0],"3":[0,0],"4":[0,0],"5":[0],"6":[0],"7":[0,0],"8":[0,0]}}
,"/Users/dev/Desktop/draftloom-extension/src/apis/writerAPI.js": {"path":"/Users/dev/Desktop/draftloom-extension/src/apis/writerAPI.js","statementMap":{"0":{"start":{"line":7,"column":8},"end":{"line":7,"column":28}},"1":{"start":{"line":8,"column":8},"end":{"line":8,"column":29}},"2":{"start":{"line":9,"column":8},"end":{"line":9,"column":30}},"3":{"start":{"line":10,"column":8},"end":{"line":10,"column":45}},"4":{"start":{"line":14,"column":8},"end":{"line":16,"column":9}},"5":{"start":{"line":15,"column":12},"end":{"line":15,"column":32}},"6":{"start":{"line":18,"column":8},"end":{"line":40,"column":9}},"7":{"start":{"line":19,"column":12},"end":{"line":21,"column":13}},"8":{"start":{"line":20,"column":16},"end":{"line":20,"column":60}},"9":{"start":{"line":23,"column":30},"end":{"line":23,"column":78}},"10":{"start":{"line":25,"column":12},"end":{"line":28,"column":13}},"11":{"start":{"line":26,"column":16},"end":{"line":26,"column":61}},"12":{"start":{"line":27,"column":16},"end":{"line":27,"column":72}},"13":{"start":{"line":27,"column":45},"end":{"line":27,"column":70}},"14":{"start":{"line":30,"column":12},"end":{"line":30,"column":73}},"15":{"start":{"line":31,"column":12},"end":{"line":31,"column":32}},"16":{"start":{"line":32,"column":12},"end":{"line":32,"column":40}},"17":{"start":{"line":34,"column":12},"end":{"line":34,"column":60}},"18":{"start":{"line":35,"column":12},"end":{"line":35,"column":32}},"19":{"start":{"line":37,"column":12},"end":{"line":37,"column":80}},"20":{"start":{"line":38,"column":12},"end":{"line":38,"column":33}},"21":{"start":{"line":39,"column":12},"end":{"line":39,"column":24}},"22":{"start":{"line":47,"column":24},"end":{"line":47,"column":47}},"23":{"start":{"line":49,"column":27},"end":{"line":51,"column":27}},"24":{"start":{"line":50,"column":42},"end":{"line":50,"column":58}},"25":{"start":{"line":53,"column":28},"end":{"line":68,"column":9}},"26":{"start":{"line":70,"column":8},"end":{"line":89,"column":9}},"27":{"start":{"line":71,"column":29},"end":{"line":71,"column":61}},"28":{"start":{"line":73,"column":30},"end":{"line":73,"column":58}},"29":{"start":{"line":74,"column":31},"end":{"line":74,"column":86}},"30":{"start":{"line":74,"column":66},"end":{"line":74,"column":85}},"31":{"start":{"line":76,"column":12},"end":{"line":82,"column":14}},"32":{"start":{"line":84,"column":12},"end":{"line":84,"column":60}},"33":{"start":{"line":85,"column":12},"end":{"line":88,"column":14}},"34":{"start":{"line":96,"column":24},"end":{"line":96,"column":47}},"35":{"start":{"line":98,"column":29},"end":{"line":110,"column":9}},"36":{"start":{"line":112,"column":8},"end":{"line":125,"column":9}},"37":{"start":{"line":113,"column":29},"end":{"line":113,"column":62}},"38":{"start":{"line":115,"column":12},"end":{"line":119,"column":14}},"39":{"start":{"line":121,"column":12},"end":{"line":124,"column":14}},"40":{"start":{"line":132,"column":24},"end":{"line":132,"column":47}},"41":{"start":{"line":134,"column":30},"end":{"line":165,"column":9}},"42":{"start":{"line":167,"column":8},"end":{"line":180,"column":9}},"43":{"start":{"line":168,"column":29},"end":{"line":168,"column":63}},"44":{"start":{"line":170,"column":12},"end":{"line":174,"column":14}},"45":{"start":{"line":176,"column":12},"end":{"line":179,"column":14}},"46":{"start":{"line":187,"column":24},"end":{"line":187,"column":47}},"47":{"start":{"line":189,"column":28},"end":{"line":202,"column":9}},"48":{"start":{"line":204,"column":8},"end":{"line":217,"column":9}},"49":{"start":{"line":205,"column":29},"end":{"line":205,"column":61}},"50":{"start":{"line":207,"column":12},"end":{"line":211,"column":14}},"51":{"start":{"line":213,"column":12},"end":{"line":216,"column":14}},"52":{"start":{"line":221,"column":8},"end":{"line":221,"column":85}},"53":{"start":{"line":225,"column":8},"end":{"line":228,"column":9}},"54":{"start":{"line":226,"column":12},"end":{"line":226,"column":32}},"55":{"start":{"line":227,"column":12},"end":{"line":227,"column":33}}},"fnMap":{"0":{"name":"(anonymous_0)","decl":{"start":{"line":6,"column":4},"end":{"line":6,"column":5}},"loc":{"start":{"line":6,"column":18},"end":{"line":11,"column":5}},"line":6},"1":{"name":"(anonymous_1)","decl":{"start":{"line":13,"column":4},"end":{"line":13,"column":5}},"loc":{"start":{"line":13,"column":23},"end":{"line":41,"column":5}},"line":13},"2":{"name":"(anonymous_2)","decl":{"start":{"line":27,"column":34},"end":{"line":27,"column":35}},"loc":{"start":{"line":27,"column":45},"end":{"line":27,"column":70}},"line":27},"3":{"name":"(anonymous_3)","decl":{"start":{"line":46,"column":4},"end":{"line":46,"column":5}},"loc":{"start":{"line":46,"column":65},"end":{"line":90,"column":5}},"line":46},"4":{"name":"(anonymous_4)","decl":{"start":{"line":50,"column":32},"end":{"line":50,"column":33}},"loc":{"start":{"line":50,"column":42},"end":{"line":50,"column":58}},"line":50},"5":{"name":"(anonymous_5)","decl":{"start":{"line":74,"column":61},"end":{"line":74,"column":62}},"loc":{"start":{"line":74,"column":66},"end":{"line":74,"column":85}},"line":74},"6":{"name":"(anonymous_6)","decl":{"start":{"line":95,"column":4},"end":{"line":95,"column":5}},"loc":{"start":{"line":95,"column":51},"end":{"line":126,"column":5}},"line":95},"7":{"name":"(anonymous_7)","decl":{"start":{"line":131,"column":4},"end":{"line":131,"column":5}},"loc":{"start":{"line":131,"column":52},"end":{"line":181,"column":5}},"line":131},"8":{"name":"(anonymous_8)","decl":{"start":{"line":186,"column":4},"end":{"line":186,"column":5}},"loc":{"start":{"line":186,"column":46},"end":{"line":218,"column":5}},"line":186},"9":{"name":"(anonymous_9)","decl":{"start":{"line":220,"column":4},"end":{"line":220,"column":5}},"loc":{"start":{"line":220,"column":24},"end":{"line":222,"column":5}},"line":220},"10":{"name":"(anonymous_10)","decl":{"start":{"line":224,"column":4},"end":{"line":224,"column":5}},"loc":{"start":{"line":224,"column":20},"end":{"line":229,"column":5}},"line":224}},"branchMap":{"0":{"loc":{"start":{"line":14,"column":8},"end":{"line":16,"column":9}},"type":"if","locations":[{"start":{"line":14,"column":8},"end":{"line":16,"column":9}},{"start":{},"end":{}}],"line":14},"1":{"loc":{"start":{"line":14,"column":12},"end":{"line":14,"column":53}},"type":"binary-expr","locations":[{"start":{"line":14,"column":12},"end":{"line":14,"column":24}},{"start":{"line":14,"column":28},"end":{"line":14,"column":53}}],"line":14},"2":{"loc":{"start":{"line":19,"column":12},"end":{"line":21,"column":13}},"type":"if","locations":[{"start":{"line":19,"column":12},"end":{"line":21,"column":13}},{"start":{},"end":{}}],"line":19},"3":{"loc":{"start":{"line":19,"column":16},"end":{"line":19,"column":61}},"type":"binary-expr","locations":[{"start":{"line":19,"column":16},"end":{"line":19,"column":33}},{"start":{"line":19,"column":37},"end":{"line":19,"column":61}}],"line":19},"4":{"loc":{"start":{"line":25,"column":12},"end":{"line":28,"column":13}},"type":"if","locations":[{"start":{"line":25,"column":12},"end":{"line":28,"column":13}},{"start":{},"end":{}}],"line":25},"5":{"loc":{"start":{"line":46,"column":46},"end":{"line":46,"column":63}},"type":"default-arg","locations":[{"start":{"line":46,"column":53},"end":{"line":46,"column":63}}],"line":46},"6":{"loc":{"start":{"line":49,"column":27},"end":{"line":51,"column":27}},"type":"cond-expr","locations":[{"start":{"line":50,"column":14},"end":{"line":50,"column":70}},{"start":{"line":51,"column":14},"end":{"line":51,"column":27}}],"line":49},"7":{"loc":{"start":{"line":95,"column":32},"end":{"line":95,"column":49}},"type":"default-arg","locations":[{"start":{"line":95,"column":47},"end":{"line":95,"column":49}}],"line":95},"8":{"loc":{"start":{"line":100,"column":2},"end":{"line":100,"column":59}},"type":"cond-expr","locations":[{"start":{"line":100,"column":17},"end":{"line":100,"column":54}},{"start":{"line":100,"column":57},"end":{"line":100,"column":59}}],"line":100},"9":{"loc":{"start":{"line":131,"column":33},"end":{"line":131,"column":50}},"type":"default-arg","locations":[{"start":{"line":131,"column":48},"end":{"line":131,"column":50}}],"line":131},"10":{"loc":{"start":{"line":136,"column":2},"end":{"line":136,"column":53}},"type":"cond-expr","locations":[{"start":{"line":136,"column":17},"end":{"line":136,"column":48}},{"start":{"line":136,"column":51},"end":{"line":136,"column":53}}],"line":136},"11":{"loc":{"start":{"line":221,"column":15},"end":{"line":221,"column":84}},"type":"binary-expr","locations":[{"start":{"line":221,"column":15},"end":{"line":221,"column":29}},{"start":{"line":221,"column":34},"end":{"line":221,"column":83}}],"line":221},"12":{"loc":{"start":{"line":225,"column":8},"end":{"line":228,"column":9}},"type":"if","locations":[{"start":{"line":225,"column":8},"end":{"line":228,"column":9}},{"start":{},"end":{}}],"line":225}},"s":{"0":0,"1":0,"2":0,"3":0,"4":0,"5":0,"6":0,"7":0,"8":0,"9":0,"10":0,"11":0,"12":0,"13":0,"14":0,"15":0,"16":0,"17":0,"18":0,"19":0,"20":0,"21":0,"22":0,"23":0,"24":0,"25":0,"26":0,"27":0,"28":0,"29":0,"30":0,"31":0,"32":0,"33":0,"34":0,"35":0,"36":0,"37":0,"38":0,"39":0,"40":0,"41":0,"42":0,"43":0,"44":0,"45":0,"46":0,"47":0,"48":0,"49":0,"50":0,"51":0,"52":0,"53":0,"54":0,"55":0},"f":{"0":0,"1":0,"2":0,"3":0,"4":0,"5":0,"6":0,"7":0,"8":0,"9":0,"10":0},"b":{"0":[0,0],"1":[0,0],"2":[0,0],"3":[0,0],"4":[0,0],"5":[0],"6":[0,0],"7":[0],"8":[0,0],"9":[0],"10":[0,0],"11":[0,0],"12":[0,0]}}
,"/Users/dev/Desktop/draftloom-extension/src/background/background.js": {"path":"/Users/dev/Desktop/draftloom-extension/src/background/background.js","statementMap":{"0":{"start":{"line":3,"column":0},"end":{"line":3,"column":58}},"1":{"start":{"line":6,"column":0},"end":{"line":12,"column":3}},"2":{"start":{"line":7,"column":2},"end":{"line":11,"column":3}},"3":{"start":{"line":8,"column":4},"end":{"line":8,"column":49}},"4":{"start":{"line":9,"column":9},"end":{"line":11,"column":3}},"5":{"start":{"line":10,"column":4},"end":{"line":10,"column":47}},"6":{"start":{"line":15,"column":0},"end":{"line":28,"column":3}},"7":{"start":{"line":16,"column":2},"end":{"line":16,"column":44}},"8":{"start":{"line":19,"column":2},"end":{"line":25,"column":3}},"9":{"start":{"line":21,"column":6},"end":{"line":21,"column":54}},"10":{"start":{"line":22,"column":6},"end":{"line":22,"column":12}},"11":{"start":{"line":24,"column":6},"end":{"line":24,"column":73}},"12":{"start":{"line":27,"column":2},"end":{"line":27,"column":14}}},"fnMap":{"0":{"name":"(anonymous_0)","decl":{"start":{"line":6,"column":39},"end":{"line":6,"column":40}},"loc":{"start":{"line":6,"column":52},"end":{"line":12,"column":1}},"line":6},"1":{"name":"(anonymous_1)","decl":{"start":{"line":15,"column":37},"end":{"line":15,"column":38}},"loc":{"start":{"line":15,"column":72},"end":{"line":28,"column":1}},"line":15}},"branchMap":{"0":{"loc":{"start":{"line":7,"column":2},"end":{"line":11,"column":3}},"type":"if","locations":[{"start":{"line":7,"column":2},"end":{"line":11,"column":3}},{"start":{"line":9,"column":9},"end":{"line":11,"column":3}}],"line":7},"1":{"loc":{"start":{"line":9,"column":9},"end":{"line":11,"column":3}},"type":"if","locations":[{"start":{"line":9,"column":9},"end":{"line":11,"column":3}},{"start":{},"end":{}}],"line":9},"2":{"loc":{"start":{"line":19,"column":2},"end":{"line":25,"column":3}},"type":"switch","locations":[{"start":{"line":20,"column":4},"end":{"line":22,"column":12}},{"start":{"line":23,"column":4},"end":{"line":24,"column":73}}],"line":19}},"s":{"0":0,"1":0,"2":0,"3":0,"4":0,"5":0,"6":0,"7":0,"8":0,"9":0,"10":0,"11":0,"12":0},"f":{"0":0,"1":0},"b":{"0":[0,0],"1":[0,0],"2":[0,0]}}
,"/Users/dev/Desktop/draftloom-extension/src/content/content-script.js": {"path":"/Users/dev/Desktop/draftloom-extension/src/content/content-script.js","statementMap":{"0":{"start":{"line":3,"column":0},"end":{"line":3,"column":47}},"1":{"start":{"line":7,"column":2},"end":{"line":7,"column":56}},"2":{"start":{"line":10,"column":20},"end":{"line":10,"column":83}},"3":{"start":{"line":12,"column":2},"end":{"line":14,"column":5}},"4":{"start":{"line":13,"column":4},"end":{"line":13,"column":59}},"5":{"start":{"line":19,"column":2},"end":{"line":19,"column":50}},"6":{"start":{"line":24,"column":0},"end":{"line":36,"column":3}},"7":{"start":{"line":25,"column":2},"end":{"line":25,"column":59}},"8":{"start":{"line":27,"column":2},"end":{"line":33,"column":3}},"9":{"start":{"line":29,"column":6},"end":{"line":29,"column":63}},"10":{"start":{"line":30,"column":6},"end":{"line":30,"column":12}},"11":{"start":{"line":32,"column":6},"end":{"line":32,"column":73}},"12":{"start":{"line":35,"column":2},"end":{"line":35,"column":14}},"13":{"start":{"line":39,"column":0},"end":{"line":43,"column":1}},"14":{"start":{"line":40,"column":2},"end":{"line":40,"column":54}},"15":{"start":{"line":42,"column":2},"end":{"line":42,"column":9}}},"fnMap":{"0":{"name":"init","decl":{"start":{"line":6,"column":9},"end":{"line":6,"column":13}},"loc":{"start":{"line":6,"column":16},"end":{"line":15,"column":1}},"line":6},"1":{"name":"(anonymous_1)","decl":{"start":{"line":12,"column":20},"end":{"line":12,"column":21}},"loc":{"start":{"line":12,"column":33},"end":{"line":14,"column":3}},"line":12},"2":{"name":"handleTextAreaFocus","decl":{"start":{"line":18,"column":9},"end":{"line":18,"column":28}},"loc":{"start":{"line":18,"column":36},"end":{"line":21,"column":1}},"line":18},"3":{"name":"(anonymous_3)","decl":{"start":{"line":24,"column":37},"end":{"line":24,"column":38}},"loc":{"start":{"line":24,"column":72},"end":{"line":36,"column":1}},"line":24}},"branchMap":{"0":{"loc":{"start":{"line":27,"column":2},"end":{"line":33,"column":3}},"type":"switch","locations":[{"start":{"line":28,"column":4},"end":{"line":30,"column":12}},{"start":{"line":31,"column":4},"end":{"line":32,"column":73}}],"line":27},"1":{"loc":{"start":{"line":39,"column":0},"end":{"line":43,"column":1}},"type":"if","locations":[{"start":{"line":39,"column":0},"end":{"line":43,"column":1}},{"start":{"line":41,"column":7},"end":{"line":43,"column":1}}],"line":39}},"s":{"0":0,"1":0,"2":0,"3":0,"4":0,"5":0,"6":0,"7":0,"8":0,"9":0,"10":0,"11":0,"12":0,"13":0,"14":0,"15":0},"f":{"0":0,"1":0,"2":0,"3":0},"b":{"0":[0,0],"1":[0,0]}}
[...]
ine":110,"column":37}},"47":{"start":{"line":111,"column":12},"end":{"line":111,"column":24}},"48":{"start":{"line":114,"column":8},"end":{"line":114,"column":21}},"49":{"start":{"line":118,"column":8},"end":{"line":118,"column":35}},"50":{"start":{"line":120,"column":8},"end":{"line":126,"column":9}},"51":{"start":{"line":121,"column":12},"end":{"line":123,"column":13}},"52":{"start":{"line":122,"column":16},"end":{"line":122,"column":67}},"53":{"start":{"line":125,"column":12},"end":{"line":125,"column":60}},"54":{"start":{"line":130,"column":8},"end":{"line":130,"column":74}},"55":{"start":{"line":134,"column":8},"end":{"line":139,"column":10}}},"fnMap":{"0":{"name":"(anonymous_0)","decl":{"start":{"line":6,"column":4},"end":{"line":6,"column":5}},"loc":{"start":{"line":6,"column":18},"end":{"line":10,"column":5}},"line":6},"1":{"name":"(anonymous_1)","decl":{"start":{"line":12,"column":4},"end":{"line":12,"column":5}},"loc":{"start":{"line":12,"column":31},"end":{"line":44,"column":5}},"line":12},"2":{"name":"(anonymous_2)","decl":{"start":{"line":46,"column":4},"end":{"line":46,"column":5}},"loc":{"start":{"line":46,"column":24},"end":{"line":60,"column":5}},"line":46},"3":{"name":"(anonymous_3)","decl":{"start":{"line":62,"column":4},"end":{"line":62,"column":5}},"loc":{"start":{"line":62,"column":27},"end":{"line":78,"column":5}},"line":62},"4":{"name":"(anonymous_4)","decl":{"start":{"line":80,"column":4},"end":{"line":80,"column":5}},"loc":{"start":{"line":80,"column":22},"end":{"line":85,"column":5}},"line":80},"5":{"name":"(anonymous_5)","decl":{"start":{"line":87,"column":4},"end":{"line":87,"column":5}},"loc":{"start":{"line":87,"column":40},"end":{"line":101,"column":5}},"line":87},"6":{"name":"(anonymous_6)","decl":{"start":{"line":90,"column":64},"end":{"line":90,"column":65}},"loc":{"start":{"line":90,"column":69},"end":{"line":90,"column":85}},"line":90},"7":{"name":"(anonymous_7)","decl":{"start":{"line":103,"column":4},"end":{"line":103,"column":5}},"loc":{"start":{"line":103,"column":31},"end":{"line":115,"column":5}},"line":103},"8":{"name":"(anonymous_8)","decl":{"start":{"line":107,"column":71},"end":{"line":107,"column":72}},"loc":{"start":{"line":107,"column":76},"end":{"line":107,"column":92}},"line":107},"9":{"name":"(anonymous_9)","decl":{"start":{"line":117,"column":4},"end":{"line":117,"column":5}},"loc":{"start":{"line":117,"column":25},"end":{"line":127,"column":5}},"line":117},"10":{"name":"(anonymous_10)","decl":{"start":{"line":129,"column":4},"end":{"line":129,"column":5}},"loc":{"start":{"line":129,"column":18},"end":{"line":131,"column":5}},"line":129},"11":{"name":"(anonymous_11)","decl":{"start":{"line":133,"column":4},"end":{"line":133,"column":5}},"loc":{"start":{"line":133,"column":21},"end":{"line":140,"column":5}},"line":133}},"branchMap":{"0":{"loc":{"start":{"line":15,"column":12},"end":{"line":21,"column":13}},"type":"if","locations":[{"start":{"line":15,"column":12},"end":{"line":21,"column":13}},{"start":{},"end":{}}],"line":15},"1":{"loc":{"start":{"line":15,"column":16},"end":{"line":15,"column":63}},"type":"binary-expr","locations":[{"start":{"line":15,"column":16},"end":{"line":15,"column":45}},{"start":{"line":15,"column":49},"end":{"line":15,"column":63}}],"line":15},"2":{"loc":{"start":{"line":17,"column":16},"end":{"line":20,"column":17}},"type":"if","locations":[{"start":{"line":17,"column":16},"end":{"line":20,"column":17}},{"start":{},"end":{}}],"line":17},"3":{"loc":{"start":{"line":47,"column":8},"end":{"line":47,"column":41}},"type":"if","locations":[{"start":{"line":47,"column":8},"end":{"line":47,"column":41}},{"start":{},"end":{}}],"line":47},"4":{"loc":{"start":{"line":52,"column":12},"end":{"line":56,"column":13}},"type":"if","locations":[{"start":{"line":52,"column":12},"end":{"line":56,"column":13}},{"start":{},"end":{}}],"line":52},"5":{"loc":{"start":{"line":52,"column":16},"end":{"line":52,"column":63}},"type":"binary-expr","locations":[{"start":{"line":52,"column":16},"end":{"line":52,"column":45}},{"start":{"line":52,"column":49},"end":{"line":52,"column":63}}],"line":52},"6":{"loc":{"start":{"line":63,"column":8},"end":{"line":65,"column":9}},"type":"if","locations":[{"start":{"line":63,"column":8},"end":{"line":65,"column":9}},{"start":{},"end":{}}],"line":63},"7":{"loc":{"start":{"line":81,"column":8},"end":{"line":83,"column":9}},"type":"if","locations":[{"start":{"line":81,"column":8},"end":{"line":83,"column":9}},{"start":{},"end":{}}],"line":81},"8":{"loc":{"start":{"line":84,"column":15},"end":{"line":84,"column":47}},"type":"binary-expr","locations":[{"start":{"line":84,"column":15},"end":{"line":84,"column":41}},{"start":{"line":84,"column":45},"end":{"line":84,"column":47}}],"line":84},"9":{"loc":{"start":{"line":88,"column":8},"end":{"line":88,"column":46}},"type":"if","locations":[{"start":{"line":88,"column":8},"end":{"line":88,"column":46}},{"start":{},"end":{}}],"line":88},"10":{"loc":{"start":{"line":91,"column":8},"end":{"line":91,"column":43}},"type":"if","locations":[{"start":{"line":91,"column":8},"end":{"line":91,"column":43}},{"start":{},"end":{}}],"line":91},"11":{"loc":{"start":{"line":104,"column":8},"end":{"line":104,"column":47}},"type":"if","locations":[{"start":{"line":104,"column":8},"end":{"line":104,"column":47}},{"start":{},"end":{}}],"line":104},"12":{"loc":{"start":{"line":109,"column":8},"end":{"line":112,"column":9}},"type":"if","locations":[{"start":{"line":109,"column":8},"end":{"line":112,"column":9}},{"start":{},"end":{}}],"line":109},"13":{"loc":{"start":{"line":121,"column":12},"end":{"line":123,"column":13}},"type":"if","locations":[{"start":{"line":121,"column":12},"end":{"line":123,"column":13}},{"start":{},"end":{}}],"line":121},"14":{"loc":{"start":{"line":121,"column":16},"end":{"line":121,"column":63}},"type":"binary-expr","locations":[{"start":{"line":121,"column":16},"end":{"line":121,"column":45}},{"start":{"line":121,"column":49},"end":{"line":121,"column":63}}],"line":121},"15":{"loc":{"start":{"line":138,"column":24},"end":{"line":138,"column":64}},"type":"binary-expr","locations":[{"start":{"line":138,"column":24},"end":{"line":138,"column":59}},{"start":{"line":138,"column":63},"end":{"line":138,"column":64}}],"line":138}},"s":{"0":0,"1":0,"2":0,"3":0,"4":0,"5":0,"6":0,"7":0,"8":0,"9":0,"10":0,"11":0,"12":0,"13":0,"14":0,"15":0,"16":0,"17":0,"18":0,"19":0,"20":0,"21":0,"22":0,"23":0,"24":0,"25":0,"26":0,"27":0,"28":0,"29":0,"30":0,"31":0,"32":0,"33":0,"34":0,"35":0,"36":0,"37":0,"38":0,"39":0,"40":0,"41":0,"42":0,"43":0,"44":0,"45":0,"46":0,"47":0,"48":0,"49":0,"50":0,"51":0,"52":0,"53":0,"54":0,"55":0},"f":{"0":0,"1":0,"2":0,"3":0,"4":0,"5":0,"6":0,"7":0,"8":0,"9":0,"10":0,"11":0},"b":{"0":[0,0],"1":[0,0],"2":[0,0],"3":[0,0],"4":[0,0],"5":[0,0],"6":[0,0],"7":[0,0],"8":[0,0],"9":[0,0],"10":[0,0],"11":[0,0],"12":[0,0],"13":[0,0],"14":[0,0],"15":[0,0]}}
,"/Users/dev/Desktop/draftloom-extension/src/utils/errorBoundary.js": {"path":"/Users/dev/Desktop/draftloom-extension/src/utils/errorBoundary.js","statementMap":{"0":{"start":{"line":7,"column":8},"end":{"line":7,"column":25}},"1":{"start":{"line":8,"column":8},"end":{"line":8,"column":35}},"2":{"start":{"line":13,"column":8},"end":{"line":15,"column":11}},"3":{"start":{"line":14,"column":12},"end":{"line":14,"column":61}},"4":{"start":{"line":18,"column":8},"end":{"line":20,"column":11}},"5":{"start":{"line":19,"column":12},"end":{"line":19,"column":65}},"6":{"start":{"line":24,"column":26},"end":{"line":29,"column":9}},"7":{"start":{"line":31,"column":8},"end":{"line":31,"column":36}},"8":{"start":{"line":32,"column":8},"end":{"line":32,"column":62}},"9":{"start":{"line":35,"column":8},"end":{"line":37,"column":9}},"10":{"start":{"line":36,"column":12},"end":{"line":36,"column":32}},"11":{"start":{"line":39,"column":8},"end":{"line":39,"column":25}},"12":{"start":{"line":43,"column":8},"end":{"line":43,"column":27}},"13":{"start":{"line":47,"column":8},"end":{"line":47,"column":25}}},"fnMap":{"0":{"name":"(anonymous_0)","decl":{"start":{"line":6,"column":4},"end":{"line":6,"column":5}},"loc":{"start":{"line":6,"column":18},"end":{"line":9,"column":5}},"line":6},"1":{"name":"(anonymous_1)","decl":{"start":{"line":11,"column":4},"end":{"line":11,"column":5}},"loc":{"start":{"line":11,"column":26},"end":{"line":21,"column":5}},"line":11},"2":{"name":"(anonymous_2)","decl":{"start":{"line":13,"column":41},"end":{"line":13,"column":42}},"loc":{"start":{"line":13,"column":52},"end":{"line":15,"column":9}},"line":13},"3":{"name":"(anonymous_3)","decl":{"start":{"line":18,"column":54},"end":{"line":18,"column":55}},"loc":{"start":{"line":18,"column":65},"end":{"line":20,"column":9}},"line":18},"4":{"name":"(anonymous_4)","decl":{"start":{"line":23,"column":4},"end":{"line":23,"column":5}},"loc":{"start":{"line":23,"column":30},"end":{"line":40,"column":5}},"line":23},"5":{"name":"(anonymous_5)","decl":{"start":{"line":42,"column":4},"end":{"line":42,"column":5}},"loc":{"start":{"line":42,"column":16},"end":{"line":44,"column":5}},"line":42},"6":{"name":"(anonymous_6)","decl":{"start":{"line":46,"column":4},"end":{"line":46,"column":5}},"loc":{"start":{"line":46,"column":18},"end":{"line":48,"column":5}},"line":46}},"branchMap":{"0":{"loc":{"start":{"line":26,"column":21},"end":{"line":26,"column":52}},"type":"binary-expr","locations":[{"start":{"line":26,"column":21},"end":{"line":26,"column":35}},{"start":{"line":26,"column":39},"end":{"line":26,"column":52}}],"line":26},"1":{"loc":{"start":{"line":27,"column":19},"end":{"line":27,"column":37}},"type":"binary-expr","locations":[{"start":{"line":27,"column":19},"end":{"line":27,"column":31}},{"start":{"line":27,"column":35},"end":{"line":27,"column":37}}],"line":27},"2":{"loc":{"start":{"line":35,"column":8},"end":{"line":37,"column":9}},"type":"if","locations":[{"start":{"line":35,"column":8},"end":{"line":37,"column":9}},{"start":{},"end":{}}],"line":35}},"s":{"0":7,"1":7,"2":7,"3":0,"4":7,"5":0,"6":23,"7":23,"8":23,"9":23,"10":5,"11":23,"12":5,"13":8},"f":{"0":7,"1":7,"2":0,"3":0,"4":23,"5":5,"6":8},"b":{"0":[23,1],"1":[23,1],"2":[5,18]},"_coverageSchema":"1a1c01bbd47fc00a2c39e90264f33305004495a9","hash":"471aa41252c533734cb854a62181e9aa3706f917"}
,"/Users/dev/Desktop/draftloom-extension/src/utils/ferpa-checker.js": {"path":"/Users/dev/Desktop/draftloom-extension/src/utils/ferpa-checker.js","statementMap":{"0":{"start":{"line":9,"column":8},"end":{"line":36,"column":10}},"1":{"start":{"line":39,"column":8},"end":{"line":52,"column":10}},"2":{"start":{"line":61,"column":8},"end":{"line":63,"column":9}},"3":{"start":{"line":62,"column":12},"end":{"line":62,"column":67}},"4":{"start":{"line":65,"column":27},"end":{"line":65,"column":29}},"5":{"start":{"line":66,"column":29},"end":{"line":66,"column":50}},"6":{"start":{"line":69,"column":8},"end":{"line":77,"column":9}},"7":{"start":{"line":70,"column":12},"end":{"line":76,"column":13}},"8":{"start":{"line":71,"column":16},"end":{"line":75,"column":19}},"9":{"start":{"line":80,"column":8},"end":{"line":89,"column":9}},"10":{"start":{"line":81,"column":12},"end":{"line":88,"column":13}},"11":{"start":{"line":82,"column":16},"end":{"line":87,"column":19}},"12":{"start":{"line":92,"column":22},"end":{"line":92,"column":64}},"13":{"start":{"line":94,"column":8},"end":{"line":99,"column":10}},"14":{"start":{"line":108,"column":24},"end":{"line":108,"column":31}},"15":{"start":{"line":111,"column":8},"end":{"line":111,"column":75}},"16":{"start":{"line":114,"column":8},"end":{"line":114,"column":79}},"17":{"start":{"line":117,"column":8},"end":{"line":117,"column":79}},"18":{"start":{"line":120,"column":8},"end":{"line":120,"column":80}},"19":{"start":{"line":122,"column":8},"end":{"line":122,"column":25}},"20":{"start":{"line":130,"column":30},"end":{"line":130,"column":89}},"21":{"start":{"line":131,"column":29},"end":{"line":131,"column":58}},"22":{"start":{"line":133,"column":8},"end":{"line":133,"column":60}},"23":{"start":{"line":133,"column":42},"end":{"line":133,"column":60}},"24":{"start":{"line":134,"column":8},"end":{"line":134,"column":58}},"25":{"start":{"line":134,"column":41},"end":{"line":134,"column":58}},"26":{"start":{"line":135,"column":8},"end":{"line":135,"column":22}},"27":{"start":{"line":143,"column":25},"end":{"line":153,"column":9}},"28":{"start":{"line":155,"column":8},"end":{"line":155,"column":78}},"29":{"start":{"line":163,"column":8},"end":{"line":163,"column":48}},"30":{"start":{"line":163,"column":37},"end":{"line":163,"column":48}},"31":{"start":{"line":165,"column":25},"end":{"line":165,"column":26}},"32":{"start":{"line":166,"column":8},"end":{"line":178,"column":9}},"33":{"start":{"line":167,"column":12},"end":{"line":177,"column":13}},"34":{"start":{"line":169,"column":20},"end":{"line":169,"column":37}},"35":{"start":{"line":170,"column":20},"end":{"line":170,"column":26}},"36":{"start":{"line":172,"column":20},"end":{"line":172,"column":37}},"37":{"start":{"line":173,"column":20},"end":{"line":173,"column":26}},"38":{"start":{"line":175,"column":20},"end":{"line":175,"column":36}},"39":{"start":{"line":176,"column":20},"end":{"line":176,"column":26}},"40":{"start":{"line":180,"column":8},"end":{"line":180,"column":45}},"41":{"start":{"line":187,"column":22},"end":{"line":195,"column":9}},"42":{"start":{"line":197,"column":8},"end":{"line":200,"column":9}},"43":{"start":{"line":198,"column":12},"end":{"line":198,"column":51}},"44":{"start":{"line":199,"column":12},"end":{"line":199,"column":83}},"45":{"start":{"line":202,"column":8},"end":{"line":202,"column":21}}},"fnMap":{"0":{"name":"(anonymous_0)","decl":{"start":{"line":7,"column":4},"end":{"line":7,"column":5}},"loc":{"start":{"line":7,"column":18},"end":{"line":53,"column":5}},"line":7},"1":{"name":"(anonymous_1)","decl":{"start":{"line":60,"column":4},"end":{"line":60,"column":5}},"loc":{"start":{"line":60,"column":30},"end":{"line":100,"column":5}},"line":60},"2":{"name":"(anonymous_2)","decl":{"start":{"line":107,"column":4},"end":{"line":107,"column":5}},"loc":{"start":{"line":107,"column":22},"end":{"line":123,"column":5}},"line":107},"3":{"name":"(anonymous_3)","decl":{"start":{"line":129,"column":4},"end":{"line":129,"column":5}},"loc":{"start":{"line":129,"column":23},"end":{"line":136,"column":5}},"line":129},"4":{"name":"(anonymous_4)","decl":{"start":{"line":142,"column":4},"end":{"line":142,"column":5}},"loc":{"start":{"line":142,"column":31},"end":{"line":156,"column":5}},"line":142},"5":{"name":"(anonymous_5)","decl":{"start":{"line":162,"column":4},"end":{"line":162,"column":5}},"loc":{"start":{"line":162,"column":42},"end":{"line":181,"column":5}},"line":162},"6":{"name":"(anonymous_6)","decl":{"start":{"line":186,"column":4},"end":{"line":186,"column":5}},"loc":{"start":{"line":186,"column":25},"end":{"line":203,"column":5}},"line":186}},"branchMap":{"0":{"loc":{"start":{"line":61,"column":8},"end":{"line":63,"column":9}},"type":"if","locations":[{"start":{"line":61,"column":8},"end":{"line":63,"column":9}},{"start":{},"end":{}}],"line":61},"1":{"loc":{"start":{"line":61,"column":12},"end":{"line":61,"column":51}},"type":"binary-expr","locations":[{"start":{"line":61,"column":12},"end":{"line":61,"column":20}},{"start":{"line":61,"column":24},"end":{"line":61,"column":51}}],"line":61},"2":{"loc":{"start":{"line":70,"column":12},"end":{"line":76,"column":13}},"type":"if","locations":[{"start":{"line":70,"column":12},"end":{"line":76,"column":13}},{"start":{},"end":{}}],"line":70},"3":{"loc":{"start":{"line":81,"column":12},"end":{"line":88,"column":13}},"type":"if","locations":[{"start":{"line":81,"column":12},"end":{"line":88,"column":13}},{"start":{},"end":{}}],"line":81},"4":{"loc":{"start":{"line":95,"column":23},"end":{"line":95,"column":61}},"type":"binary-expr","locations":[{"start":{"line":95,"column":23},"end":{"line":95,"column":46}},{"start":{"line":95,"column":50},"end":{"line":95,"column":61}}],"line":95},"5":{"loc":{"start":{"line":133,"column":8},"end":{"line":133,"column":60}},"type":"if","locations":[{"start":{"line":133,"column":8},"end":{"line":133,"column":60}},{"start":{},"end":{}}],"line":133},"6":{"loc":{"start":{"line":134,"column":8},"end":{"line":134,"column":58}},"type":"if","locations":[{"start":{"line":134,"column":8},"end":{"line":134,"column":58}},{"start":{},"end":{}}],"line":134},"7":{"loc":{"start":{"line":155,"column":15},"end":{"line":155,"column":77}},"type":"binary-expr","locations":[{"start":{"line":155,"column":15},"end":{"line":155,"column":29}},{"start":{"line":155,"column":33},"end":{"line":155,"column":77}}],"line":155},"8":{"loc":{"start":{"line":163,"column":8},"end":{"line":163,"column":48}},"type":"if","locations":[{"start":{"line":163,"column":8},"end":{"line":163,"column":48}},{"start":{},"end":{}}],"line":163},"9":{"loc":{"start":{"line":167,"column":12},"end":{"line":177,"column":13}},"type":"switch","locations":[{"start":{"line":168,"column":16},"end":{"line":170,"column":26}},{"start":{"line":171,"column":16},"end":{"line":173,"column":26}},{"start":{"line":174,"column":16},"end":{"line":176,"column":26}}],"line":167},"10":{"loc":{"start":{"line":199,"column":44},"end":{"line":199,"column":77}},"type":"binary-expr","locations":[{"start":{"line":199,"column":44},"end":{"line":199,"column":72}},{"start":{"line":199,"column":76},"end":{"line":199,"column":77}}],"line":199}},"s":{"0":0,"1":0,"2":0,"3":0,"4":0,"5":0,"6":0,"7":0,"8":0,"9":0,"10":0,"11":0,"12":0,"13":0,"14":0,"15":0,"16":0,"17":0,"18":0,"19":0,"20":0,"21":0,"22":0,"23":0,"24":0,"25":0,"26":0,"27":0,"28":0,"29":0,"30":0,"31":0,"32":0,"33":0,"34":0,"35":0,"36":0,"37":0,"38":0,"39":0,"40":0,"41":0,"42":0,"43":0,"44":0,"45":0},"f":{"0":0,"1":0,"2":0,"3":0,"4":0,"5":0,"6":0},"b":{"0":[0,0],"1":[0,0],"2":[0,0],"3":[0,0],"4":[0,0],"5":[0,0],"6":[0,0],"7":[0,0],"8":[0,0],"9":[0,0,0],"10":[0,0]}}
,"/Users/dev/Desktop/draftloom-extension/src/utils/performance.js": {"path":"/Users/dev/Desktop/draftloom-extension/src/utils/performance.js","statementMap":{"0":{"start":{"line":7,"column":8},"end":{"line":7,"column":26}},"1":{"start":{"line":11,"column":8},"end":{"line":11,"column":43}},"2":{"start":{"line":15,"column":8},"end":{"line":15,"column":41}},"3":{"start":{"line":17,"column":8},"end":{"line":24,"column":9}},"4":{"start":{"line":18,"column":12},"end":{"line":18,"column":73}},"5":{"start":{"line":19,"column":28},"end":{"line":19,"column":66}},"6":{"start":{"line":20,"column":12},"end":{"line":20,"column":51}},"7":{"start":{"line":21,"column":12},"end":{"line":21,"column":72}},"8":{"start":{"line":23,"column":12},"end":{"line":23,"column":66}},"9":{"start":{"line":28,"column":8},"end":{"line":28,"column":28}},"10":{"start":{"line":32,"column":8},"end":{"line":32,"column":26}},"11":{"start":{"line":33,"column":8},"end":{"line":33,"column":33}},"12":{"start":{"line":34,"column":8},"end":{"line":34,"column":36}}},"fnMap":{"0":{"name":"(anonymous_0)","decl":{"start":{"line":6,"column":4},"end":{"line":6,"column":5}},"loc":{"start":{"line":6,"column":18},"end":{"line":8,"column":5}},"line":6},"1":{"name":"(anonymous_1)","decl":{"start":{"line":10,"column":4},"end":{"line":10,"column":5}},"loc":{"start":{"line":10,"column":24},"end":{"line":12,"column":5}},"line":10},"2":{"name":"(anonymous_2)","decl":{"start":{"line":14,"column":4},"end":{"line":14,"column":5}},"loc":{"start":{"line":14,"column":22},"end":{"line":25,"column":5}},"line":14},"3":{"name":"(anonymous_3)","decl":{"start":{"line":27,"column":4},"end":{"line":27,"column":5}},"loc":{"start":{"line":27,"column":17},"end":{"line":29,"column":5}},"line":27},"4":{"name":"(anonymous_4)","decl":{"start":{"line":31,"column":4},"end":{"line":31,"column":5}},"loc":{"start":{"line":31,"column":19},"end":{"line":35,"column":5}},"line":31}},"branchMap":{},"s":{"0":0,"1":0,"2":0,"3":0,"4":0,"5":0,"6":0,"7":0,"8":0,"9":0,"10":0,"11":0,"12":0},"f":{"0":0,"1":0,"2":0,"3":0,"4":0},"b":{}}
}
